Method 'SystemVoidCosmosSystemKernelStart', ID = '0'
Method 'SystemVoidCosmosIL2CPURuntimeEngineInitializeApplication', ID = '1'
Method 'SystemVoidCosmosIL2CPURuntimeEngineFinalizeApplicationSystemInt32', ID = '2'
Method 'SystemBooleanCosmosIL2CPUVTablesImplIsInstanceSystemUInt32SystemUInt32SystemBoolean', ID = '3'
Method 'SystemVoidCosmosIL2CPUVTablesImplSetTypeInfoSystemInt32SystemUInt32SystemUInt32SystemUInt32arraySystemUInt32SystemUInt32arraySystemUInt32arraySystemUInt32SystemUInt32arraySystemUInt32array', ID = '4'
Method 'SystemVoidCosmosIL2CPUVTablesImplSetInterfaceInfoSystemInt32SystemInt32SystemUInt32', ID = '5'
Method 'SystemVoidCosmosIL2CPUVTablesImplSetMethodInfoSystemInt32SystemInt32SystemUInt32SystemUInt32', ID = '6'
Method 'SystemVoidCosmosIL2CPUVTablesImplSetInterfaceMethodInfoSystemInt32SystemInt32SystemUInt32SystemUInt32', ID = '7'
Method 'SystemUInt32CosmosIL2CPUVTablesImplGetMethodAddressForTypeSystemUInt32SystemUInt32', ID = '8'
Method 'SystemUInt32CosmosIL2CPUVTablesImplGetMethodAddressForInterfaceTypeSystemUInt32SystemUInt32', ID = '9'
Method 'SystemVoidCosmosIL2CPUExceptionHelperThrowNotImplementedSystemString', ID = '13'
Method 'SystemVoidCosmosIL2CPUExceptionHelperThrowOverflow', ID = '14'
Method 'SystemVoidCosmosIL2CPUExceptionHelperThrowInvalidOperationSystemString', ID = '15'
Method 'SystemVoidCosmosIL2CPUExceptionHelperThrowArgumentOutOfRangeSystemString', ID = '16'
Method 'SystemVoidSystemArrayctor', ID = '18'
Method 'SystemDelegatearraySystemMulticastDelegateGetInvocationList', ID = '19'
Method 'SystemVoidCosmosIL2CPUExceptionHelperThrowInvalidCastException', ID = '21'
Method 'SystemVoidCosmosIL2CPUExceptionHelperThrowNotFiniteNumberExceptionSystemDouble', ID = '22'
Method 'SystemVoidCosmosIL2CPUExceptionHelperThrowDivideByZeroException', ID = '23'
Method 'SystemVoidCosmosIL2CPUExceptionHelperThrowIndexOutOfRangeException', ID = '24'
Method 'SystemVoidstackKernelctor', ID = '25'
Method 'SystemVoidCosmosDebugKernelDebuggerSendSystemString', ID = '30'
Method 'SystemVoidCosmosHALBootstrapInit', ID = '34'
Method 'CosmosHALTextScreenBaseCosmosSystemKernelGetTextScreen', ID = '35'
Method 'SystemVoidCosmosSystemGlobalInitCosmosHALTextScreenBase', ID = '36'
Method 'SystemVoidCosmosSystemKernelBeforeRun', ID = '37'
Method 'SystemVoidCosmosHALGlobalEnableInterrupts', ID = '38'
Method 'SystemVoidCosmosSystemKernelAfterRun', ID = '40'
Method 'SystemVoidCosmosIL2CPURuntimeEngineInitializeEngine', ID = '44'
Method 'SystemVoidCosmosIL2CPURuntimeEngineHeap_Initialize', ID = '45'
Method 'SystemVoidCosmosIL2CPURuntimeEngineFinalizeEngine', ID = '47'
Method 'SystemVoidCosmosIL2CPURuntimeEngineExitProcessSystemInt32', ID = '48'
Method 'SystemVoidCosmosIL2CPUVTablesImplDebugSystemString', ID = '54'
Method 'SystemVoidCosmosIL2CPUVTablesImplDebugHexSystemStringSystemUInt32', ID = '55'
Method 'SystemVoidCosmosIL2CPUVTablesImplDebugAndHaltSystemString', ID = '57'
Method 'SystemVoidCosmosDebugKernelPlugsAsmDebuggerAsmSendKernelPanicSystemUInt32', ID = '59'
Method 'SystemVoidCosmosCore_PlugsGCImplementionImplIncRefCountSystemUInt32', ID = '61'
Method 'SystemVoidCosmosCore_PlugsGCImplementionImplDecRefCountSystemUInt32', ID = '62'
Method 'SystemUInt32CosmosCore_PlugsGCImplementionImplAllocNewObjectSystemUInt32', ID = '63'
Method 'SystemVoidSystemNotImplementedExceptionctorSystemString', ID = '65'
Method 'SystemVoidSystemOverflowExceptionctorSystemString', ID = '66'
Method 'SystemVoidSystemInvalidOperationExceptionctorSystemString', ID = '67'
Method 'SystemVoidSystemArgumentOutOfRangeExceptionctorSystemString', ID = '68'
Method 'SystemDelegatearraySystemDelegateGetInvocationList', ID = '79'
Method 'SystemInt32SystemIntPtrop_ExplicitSystemIntPtr', ID = '82'
Method 'SystemVoidSystemInvalidCastExceptionctor', ID = '83'
Method 'SystemVoidSystemNotFiniteNumberExceptionctorSystemDouble', ID = '85'
Method 'SystemVoidSystemDivideByZeroExceptionctor', ID = '86'
Method 'SystemVoidSystemIndexOutOfRangeExceptionctor', ID = '87'
Method 'SystemVoidCosmosSystemKernelctor', ID = '89'
Method 'SystemVoidCosmosSystemGlobalcctor', ID = '91'
Method 'SystemVoidCosmosCore_PlugsSystemExceptionImplCtorSystemString', ID = '95'
Method 'SystemVoidCosmosCoreBootstrapInit', ID = '102'
Method 'SystemVoidCosmosSystemConsolectorCosmosHALTextScreenBase', ID = '104'
Method 'SystemVoidCosmosHALGlobalInitCosmosHALTextScreenBase', ID = '106'
Method 'SystemVoidCosmosSystemGlobalset_NumLockSystemBoolean', ID = '107'
Method 'SystemVoidCosmosSystemGlobalset_CapsLockSystemBoolean', ID = '108'
Method 'SystemVoidCosmosSystemGlobalset_ScrollLockSystemBoolean', ID = '109'
Method 'SystemVoidstackKernelBeforeRun', ID = '110'
Method 'SystemVoidCosmosCoreCPUEnableInterrupts', ID = '112'
Method 'SystemVoidstackKernelRun', ID = '113'
Method 'SystemVoidCosmosSystem_PlugsSystemConsoleImplWriteLineSystemString', ID = '115'
Method 'SystemStringSystemValueTypeToString', ID = '116'
Method 'SystemStringSystemStringToString', ID = '117'
Method 'SystemStringSystemBooleanToString', ID = '120'
Method 'SystemStringCosmosCore_PlugsSystemObjectImplToString', ID = '123'
Method 'SystemVoidCosmosIL2CPURuntimeEnginecctor', ID = '124'
Method 'SystemVoidSystemBooleancctor', ID = '130'
Method 'SystemVoidCosmosIL2CPUVTablesImplcctor', ID = '133'
Method 'SystemVoidCosmosDebugKernelDebuggerSendNumberSystemUInt32', ID = '135'
Method 'SystemVoidCosmosCoreMemoryOldGlobalSystemInfoEnsureInitialized', ID = '143'
Method 'SystemUInt32CosmosCoreMemoryOldHeapMemAllocSystemUInt32', ID = '144'
Method 'SystemVoidSystemSystemExceptionctorSystemString', ID = '146'
Method 'SystemVoidSystemExceptionset_HResultSystemInt32', ID = '147'
Method 'SystemVoidSystemArithmeticExceptionctorSystemString', ID = '149'
Method 'SystemStringSystemSRget_Arg_ArgumentOutOfRangeException', ID = '152'
Method 'SystemVoidSystemArgumentExceptionctorSystemStringSystemString', ID = '153'
Method 'SystemVoidCosmosCore_PlugsSystemObjectImplCtor', ID = '154'
Method 'SystemStringSystemSRget_Arg_InvalidCastException', ID = '168'
Method 'SystemVoidSystemDoublecctor', ID = '169'
Method 'SystemVoidSystemArithmeticExceptionctor', ID = '173'
Method 'SystemStringSystemSRget_Arg_DivideByZero', ID = '175'
Method 'SystemStringSystemSRget_Arg_IndexOutOfRangeException', ID = '177'
Method 'SystemVoidCosmosDebugKernelDebuggerctorSystemStringSystemString', ID = '178'
Method 'SystemVoidCosmosDebugKernelPlugsAsmDebuggerAsmDoSendSystemString', ID = '180'
Method 'SystemVoidSystemExceptioncctor', ID = '181'
Method 'SystemVoidCosmosCoreINTsDummy', ID = '185'
Method 'SystemVoidCosmosCorePICctor', ID = '186'
Method 'SystemVoidCosmosHALTextScreenctor', ID = '194'
Method 'SystemVoidCosmosCoreGlobalInit', ID = '197'
Method 'SystemVoidCosmosHALPCISetup', ID = '198'
Method 'SystemVoidCosmosCoreACPIStartSystemBooleanSystemBoolean', ID = '199'
Method 'SystemVoidCosmosHALPS2ControllerInitialize', ID = '201'
Method 'SystemVoidCosmosHALBlockDeviceIDEInitDriver', ID = '202'
Method 'SystemVoidCosmosHALBlockDeviceAHCIInitDriver', ID = '203'
Method 'SystemVoidCosmosSystemKeyboardManagerset_NumLockSystemBoolean', ID = '204'
Method 'SystemVoidCosmosSystemKeyboardManagerset_CapsLockSystemBoolean', ID = '205'
Method 'SystemVoidCosmosSystemKeyboardManagerset_ScrollLockSystemBoolean', ID = '206'
Method 'SystemVoidCosmosHALGlobalcctor', ID = '209'
Method 'SystemVoidstackKernelHandleThisCommandSystemString', ID = '215'
Method 'SystemVoidSystemConsolecctor', ID = '216'
Method 'SystemStringSystemEnvironmentget_NewLine', ID = '218'
Method 'SystemStringSystemStringConcatSystemStringSystemString', ID = '219'
Method 'SystemVoidCosmosSystem_PlugsSystemConsoleImplWriteSystemString', ID = '220'
Method 'SystemStringCosmosSystem_PlugsSystemInt32ImplToString', ID = '222'
Method 'SystemStringCosmosSystem_PlugsSystemUInt32ImplToString', ID = '223'
Method 'SystemStringCosmosSystem_PlugsSystemDoubleImplToString', ID = '224'
Method 'SystemStringCosmosCore_PlugsSystemExceptionImplToString', ID = '225'
Method 'SystemUInt32CosmosCoreMemoryOldGlobalSystemInfoget_TotalDataLookupTableSize', ID = '237'
Method 'SystemBooleanCosmosCoreCPUDisableInterrupts', ID = '241'
Method 'SystemVoidCosmosCoreMemoryOldHeapEnsureIsInitialized', ID = '242'
Method 'CosmosCoreMemoryOldGlobalInformationTablepointerCosmosCoreMemoryOldGlobalSystemInfoget_GlobalInformationTable', ID = '243'
Method 'SystemBooleanCosmosCoreMemoryOldHeapScanDataLookupTableCosmosCoreMemoryOldDataLookupTablepointerSystemUInt32SystemUInt32', ID = '245'
Method 'CosmosCoreMemoryOldDataLookupEntrypointerCosmosCoreMemoryOldDataLookupTableGetEntrySystemUInt32', ID = '248'
Method 'SystemVoidCosmosCoreMemoryOldHeapClearMemorySystemVoidpointerSystemUInt32', ID = '250'
Method 'SystemStringSystemSRGetResourceStringSystemStringSystemString', ID = '255'
Method 'SystemDoubleSystemBitConverterInt64BitsToDoubleSystemInt64', ID = '258'
Method 'SystemStringSystemSRget_Arg_ArithmeticException', ID = '260'
Method 'SystemVoidCosmosCoreBootstrapcctor', ID = '262'
Method 'SystemVoidCosmosCoreINTsHandleInterrupt_DefaultCosmosCoreINTsIRQContext', ID = '265'
Method 'SystemVoidCosmosCoreINTsHandleInterrupt_00CosmosCoreINTsIRQContext', ID = '266'
Method 'SystemVoidCosmosCoreINTsHandleInterrupt_01CosmosCoreINTsIRQContext', ID = '267'
Method 'SystemVoidCosmosCoreINTsHandleInterrupt_02CosmosCoreINTsIRQContext', ID = '268'
Method 'SystemVoidCosmosCoreINTsHandleInterrupt_03CosmosCoreINTsIRQContext', ID = '269'
Method 'SystemVoidCosmosCoreINTsHandleInterrupt_04CosmosCoreINTsIRQContext', ID = '270'
Method 'SystemVoidCosmosCoreINTsHandleInterrupt_05CosmosCoreINTsIRQContext', ID = '271'
Method 'SystemVoidCosmosCoreINTsHandleInterrupt_06CosmosCoreINTsIRQContext', ID = '272'
Method 'SystemVoidCosmosCoreINTsHandleInterrupt_07CosmosCoreINTsIRQContext', ID = '273'
Method 'SystemVoidCosmosCoreINTsHandleInterrupt_08CosmosCoreINTsIRQContext', ID = '274'
Method 'SystemVoidCosmosCoreINTsHandleInterrupt_09CosmosCoreINTsIRQContext', ID = '275'
Method 'SystemVoidCosmosCoreINTsHandleInterrupt_0ACosmosCoreINTsIRQContext', ID = '276'
Method 'SystemVoidCosmosCoreINTsHandleInterrupt_0BCosmosCoreINTsIRQContext', ID = '277'
Method 'SystemVoidCosmosCoreINTsHandleInterrupt_0CCosmosCoreINTsIRQContext', ID = '278'
Method 'SystemVoidCosmosCoreINTsHandleInterrupt_0DCosmosCoreINTsIRQContext', ID = '279'
Method 'SystemVoidCosmosCoreINTsHandleInterrupt_0ECosmosCoreINTsIRQContext', ID = '280'
Method 'SystemVoidCosmosCoreINTsHandleInterrupt_0FCosmosCoreINTsIRQContext', ID = '281'
Method 'SystemVoidCosmosCoreINTsHandleInterrupt_10CosmosCoreINTsIRQContext', ID = '282'
Method 'SystemVoidCosmosCoreINTsHandleInterrupt_11CosmosCoreINTsIRQContext', ID = '283'
Method 'SystemVoidCosmosCoreINTsHandleInterrupt_12CosmosCoreINTsIRQContext', ID = '284'
Method 'SystemVoidCosmosCoreINTsHandleInterrupt_13CosmosCoreINTsIRQContext', ID = '285'
Method 'SystemVoidCosmosCoreINTsHandleInterrupt_20CosmosCoreINTsIRQContext', ID = '286'
Method 'SystemVoidCosmosCoreINTsHandleInterrupt_21CosmosCoreINTsIRQContext', ID = '287'
Method 'SystemVoidCosmosCoreINTsHandleInterrupt_22CosmosCoreINTsIRQContext', ID = '288'
Method 'SystemVoidCosmosCoreINTsHandleInterrupt_23CosmosCoreINTsIRQContext', ID = '289'
Method 'SystemVoidCosmosCoreINTsHandleInterrupt_24CosmosCoreINTsIRQContext', ID = '290'
Method 'SystemVoidCosmosCoreINTsHandleInterrupt_25CosmosCoreINTsIRQContext', ID = '291'
Method 'SystemVoidCosmosCoreINTsHandleInterrupt_26CosmosCoreINTsIRQContext', ID = '292'
Method 'SystemVoidCosmosCoreINTsHandleInterrupt_27CosmosCoreINTsIRQContext', ID = '293'
Method 'SystemVoidCosmosCoreINTsHandleInterrupt_28CosmosCoreINTsIRQContext', ID = '294'
Method 'SystemVoidCosmosCoreINTsHandleInterrupt_29CosmosCoreINTsIRQContext', ID = '295'
Method 'SystemVoidCosmosCoreINTsHandleInterrupt_2ACosmosCoreINTsIRQContext', ID = '296'
Method 'SystemVoidCosmosCoreINTsHandleInterrupt_2BCosmosCoreINTsIRQContext', ID = '297'
Method 'SystemVoidCosmosCoreINTsHandleInterrupt_2CCosmosCoreINTsIRQContext', ID = '298'
Method 'SystemVoidCosmosCoreINTsHandleInterrupt_2DCosmosCoreINTsIRQContext', ID = '299'
Method 'SystemVoidCosmosCoreINTsHandleInterrupt_2ECosmosCoreINTsIRQContext', ID = '300'
Method 'SystemVoidCosmosCoreINTsHandleInterrupt_2FCosmosCoreINTsIRQContext', ID = '301'
Method 'SystemVoidCosmosCoreINTsHandleInterrupt_30CosmosCoreINTsIRQContext', ID = '302'
Method 'SystemVoidCosmosCoreINTsHandleInterrupt_35CosmosCoreINTsIRQContext', ID = '303'
Method 'SystemVoidCosmosCoreINTsHandleInterrupt_40CosmosCoreINTsIRQContext', ID = '304'
Method 'SystemVoidCosmosCoreINTsHandleInterrupt_41CosmosCoreINTsIRQContext', ID = '305'
Method 'SystemVoidCosmosCoreINTsHandleInterrupt_42CosmosCoreINTsIRQContext', ID = '306'
Method 'SystemVoidCosmosCoreINTsHandleInterrupt_43CosmosCoreINTsIRQContext', ID = '307'
Method 'SystemVoidCosmosCoreINTsHandleInterrupt_44CosmosCoreINTsIRQContext', ID = '308'
Method 'SystemVoidCosmosCoreINTsHandleInterrupt_45CosmosCoreINTsIRQContext', ID = '309'
Method 'SystemVoidCosmosCoreINTsHandleInterrupt_46CosmosCoreINTsIRQContext', ID = '310'
Method 'SystemVoidCosmosCoreINTsHandleInterrupt_47CosmosCoreINTsIRQContext', ID = '311'
Method 'SystemVoidCosmosCoreINTsHandleInterrupt_48CosmosCoreINTsIRQContext', ID = '312'
Method 'SystemVoidCosmosCoreINTsHandleInterrupt_49CosmosCoreINTsIRQContext', ID = '313'
Method 'SystemVoidCosmosCoreIOGroupPICctorSystemBoolean', ID = '315'
Method 'SystemVoidCosmosCorePICRemapSystemByteSystemByteSystemByteSystemByte', ID = '316'
Method 'SystemVoidCosmosCore_AsmCPUImplUpdateIDTSystemBoolean', ID = '317'
Method 'SystemVoidCosmosCore_AsmCPUImplInitSSE', ID = '318'
Method 'SystemVoidCosmosCore_AsmCPUImplInitFloat', ID = '319'
Method 'SystemVoidCosmosCoreIOGroupTextScreenctor', ID = '321'
Method 'SystemVoidCosmosHALTextScreenBasector', ID = '322'
Method 'SystemVoidSystemCollectionsGenericList1CosmosHALPCIDevicector', ID = '332'
Method 'SystemUInt16CosmosHALPCIDeviceGetHeaderTypeSystemUInt16SystemUInt16SystemUInt16', ID = '334'
Method 'SystemVoidCosmosHALPCICheckBusSystemUInt16', ID = '335'
Method 'SystemUInt16CosmosHALPCIDeviceGetVendorIDSystemUInt16SystemUInt16SystemUInt16', ID = '336'
Method 'SystemBooleanCosmosCoreACPIInit', ID = '338'
Method 'SystemVoidCosmosCoreACPIEnable', ID = '339'
Method 'SystemVoidCosmosHALPS2ControllerSendCommandCosmosHALPS2ControllerCommandSystemNullable1SystemByte', ID = '342'
Method 'SystemByteCosmosHALPS2ControllerReadData', ID = '343'
Method 'SystemBooleanCosmosHALPS2ControllerWaitToReadData', ID = '344'
Method 'SystemVoidSystemNullable1SystemBytectorSystemByte', ID = '345'
Method 'SystemBooleanCosmosHALPS2ControllerTestPortSystemByte', ID = '346'
Method 'SystemVoidCosmosHALPS2ControllerIdentifyDeviceSystemByteCosmosHALDevice', ID = '347'
Method 'SystemVoidCosmosHALBlockDeviceIDEInitializeCosmosHALBlockDeviceAtaControllerIdEnumCosmosHALBlockDeviceAtaBusPositionEnum', ID = '350'
Method 'SystemVoidCosmosHALBlockDeviceAHCIctorCosmosHALPCIDevice', ID = '353'
Method 'SystemVoidCosmosSystem_PlugsSystemConsoleImplset_BackgroundColorSystemConsoleColor', ID = '359'
Method 'SystemVoidCosmosSystem_PlugsSystemConsoleImplResetColor', ID = '360'
Method 'SystemVoidCosmosHALPITctor', ID = '361'
Method 'SystemVoidCosmosHALPS2Controllerctor', ID = '363'
Method 'SystemVoidCosmosCore_AsmCPUImplDoEnableInterrupts', ID = '364'
Method 'SystemStringCosmosSystem_PlugsSystemConsoleImplReadLine', ID = '365'
Method 'SystemBooleanSystemStringop_EqualitySystemStringSystemString', ID = '366'
Method 'SystemVoidCosmosSystem_PlugsSystemConsoleImplcctor', ID = '375'
Method 'SystemBooleanSystemStringIsNullOrEmptySystemString', ID = '377'
Method 'SystemVoidSystemStringFillStringCheckedSystemStringSystemInt32SystemString', ID = '380'
Method 'CosmosSystemConsoleCosmosSystem_PlugsSystemConsoleImplGetConsole', ID = '381'
Method 'SystemBytearraySystemTextEncodingGetBytesSystemString', ID = '383'
Method 'SystemVoidCosmosSystemConsoleWriteSystemBytearray', ID = '384'
Method 'SystemTypeCosmosCore_PlugsSystemObjectImplGetType', ID = '386'
Method 'SystemStringCosmosCommonStringHelperGetNumberStringSystemInt32', ID = '389'
Method 'SystemStringCosmosCommonStringHelperGetNumberStringSystemUInt32', ID = '392'
Method 'SystemStringCosmosCommonStringHelperGetNumberStringSystemDouble', ID = '395'
Method 'SystemVoidCosmosCore_PlugsSystemObjectImplcctor', ID = '397'
Method 'SystemVoidCosmosDebugKernelPlugsAsmDebuggerAsmDoSendNumberSystemUInt32', ID = '398'
Method 'SystemUInt32CosmosCore_AsmCPUImplGetEndOfKernel', ID = '399'
Method 'SystemVoidCosmosCore_AsmCPUImplZeroFillSystemUInt32SystemUInt32', ID = '400'
Method 'SystemVoidCosmosCoreMemoryOldHeapcctor', ID = '401'
Method 'SystemVoidCosmosCoreMemoryOldHeapDoInitializeSystemUInt32', ID = '405'
Method 'SystemVoidSystemSRcctor', ID = '410'
Method 'SystemStringCosmosSystem_PlugsSystemIntPtrImplToString', ID = '413'
Method 'SystemVoidCosmosCoreCPUctor', ID = '416'
Method 'SystemVoidCosmosCoreINTscctor', ID = '417'
Method 'CosmosCorePICCosmosCoreGlobalget_PIC', ID = '419'
Method 'SystemVoidCosmosCorePICEoiSlave', ID = '420'
Method 'SystemVoidCosmosCorePICEoiMaster', ID = '421'
Method 'SystemVoidCosmosCoreINTsHandleExceptionSystemUInt32SystemStringSystemStringCosmosCoreINTsIRQContextSystemUInt32', ID = '422'
Method 'SystemVoidCosmosCore_AsmDelegateImplInvoke', ID = '632'
Method 'SystemVoidCosmosCoreINTsIRQSystemUInt32CosmosCoreINTsIRQContext', ID = '426'
Method 'SystemVoidCosmosCoreIOPortctorSystemUInt16', ID = '429'
Method 'SystemVoidCosmosCoreIOGroupIOGroupctor', ID = '430'
Method 'SystemByteCosmosCoreIOPortget_Byte', ID = '432'
Method 'SystemVoidCosmosCoreIOPortset_ByteSystemByte', ID = '433'
Method 'SystemVoidCosmosCoreIOPortWait', ID = '434'
Method 'SystemVoidCosmosCoreMemoryBlockctorSystemUInt32SystemUInt32', ID = '436'
Method 'SystemVoidCosmosHALDevicector', ID = '437'
Method 'SystemVoidCosmosHALTextScreenSetColorsSystemConsoleColorSystemConsoleColor', ID = '439'
Method 'SystemUInt16CosmosHALTextScreenget_Cols', ID = '441'
Method 'SystemUInt16CosmosHALTextScreenget_Rows', ID = '442'
Method 'SystemVoidCosmosHALTextScreenSetCursorSizeSystemInt32', ID = '443'
Method 'SystemVoidCosmosHALTextScreenSetCursorVisibleSystemBoolean', ID = '444'
Method 'SystemVoidCosmosCoreGlobalcctor', ID = '445'
Method 'SystemUInt32CosmosHALPCIDeviceGetAddressBaseSystemUInt32SystemUInt32SystemUInt32', ID = '449'
Method 'SystemVoidCosmosCoreIOPortset_DWordSystemUInt32', ID = '452'
Method 'SystemUInt32CosmosCoreIOPortget_DWord', ID = '453'
Method 'SystemVoidCosmosHALPCIDevicectorSystemUInt32SystemUInt32SystemUInt32', ID = '454'
Method 'SystemVoidCosmosHALPCICheckFunctionCosmosHALPCIDevice', ID = '455'
Method 'SystemVoidCosmosCoreACPIcctor', ID = '456'
Method 'SystemUInt32CosmosCoreACPIRSDPAddress', ID = '457'
Method 'SystemInt32CosmosCoreACPIacpiCheckHeaderSystemBytepointerSystemString', ID = '458'
Method 'SystemInt32pointerCosmosCoreACPIfacpgetSystemInt32', ID = '460'
Method 'SystemInt32CosmosCoreACPICompareSystemStringSystemBytepointer', ID = '461'
Method 'SystemByteCosmosCoreACPIfacpbgetSystemInt32', ID = '465'
Method 'SystemStringSystemNullable1SystemByteToString', ID = '476'
Method 'SystemBooleanCosmosHALPS2ControllerWaitToWrite', ID = '478'
Method 'SystemVoidCosmosCoreIOPortWriteset_ByteSystemByte', ID = '480'
Method 'SystemBooleanSystemNullable1SystemByteget_HasValue', ID = '481'
Method 'SystemByteSystemNullable1SystemByteget_Value', ID = '482'
Method 'SystemByteCosmosCoreIOPortReadget_Byte', ID = '483'
Method 'SystemStringCosmosCommonExtensionsToHexStringToHexSystemByte', ID = '484'
Method 'SystemStringSystemStringConcatSystemObjectarray', ID = '485'
Method 'SystemStringSystemStringConcatSystemObjectSystemObjectSystemObject', ID = '486'
Method 'SystemVoidCosmosHALPS2ControllerSendDeviceCommandCosmosHALPS2ControllerDeviceCommandSystemBooleanSystemNullable1SystemByte', ID = '488'
Method 'SystemBooleanCosmosHALPS2ControllerReadByteAfterAckWithTimeoutSystemByte', ID = '489'
Method 'SystemVoidCosmosHALPS2MousectorSystemByteSystemByte', ID = '490'
Method 'SystemBooleanCosmosHALPS2ControllerReadDataWithTimeoutSystemByte', ID = '492'
Method 'SystemVoidCosmosHALPS2KeyboardctorSystemByte', ID = '493'
Method 'SystemVoidCosmosHALBlockDeviceIDEcctor', ID = '495'
Method 'SystemVoidCosmosHALBlockDeviceAtaPioctorCosmosCoreIOGroupATACosmosHALBlockDeviceAtaControllerIdEnumCosmosHALBlockDeviceAtaBusPositionEnum', ID = '500'
Method 'CosmosHALBlockDeviceAtaPioSpecLevelCosmosHALBlockDeviceAtaPioget_DriveType', ID = '501'
Method 'SystemVoidSystemCollectionsGenericList1CosmosHALBlockDeviceBlockDeviceAddCosmosHALBlockDeviceBlockDevice', ID = '504'
Method 'SystemVoidCosmosHALBlockDeviceMBRctorSystemBytearray', ID = '508'
Method 'SystemVoidCosmosHALBlockDeviceEBRctorSystemBytearray', ID = '510'
Method 'SystemInt32SystemCollectionsGenericList1CosmosHALBlockDeviceEBRPartInfoget_Count', ID = '512'
Method 'SystemInt32SystemCollectionsGenericList1CosmosHALBlockDeviceMBRPartInfoget_Count', ID = '513'
Method 'SystemVoidCosmosDebugKernelDebuggerSendNumberSystemInt32', ID = '514'
Method 'CosmosHALBlockDeviceMBRPartInfoSystemCollectionsGenericList1CosmosHALBlockDeviceMBRPartInfoget_ItemSystemInt32', ID = '515'
Method 'SystemStringSystemStringConcatSystemObjectSystemObject', ID = '516'
Method 'SystemVoidCosmosHALBlockDevicePartitionctorCosmosHALBlockDeviceBlockDeviceSystemUInt64SystemUInt64', ID = '518'
Method 'SystemVoidCosmosHALBlockDeviceAHCIcctor', ID = '519'
Method 'SystemVoidCosmosHALPCIDeviceEnableBusMasterSystemBoolean', ID = '520'
Method 'SystemVoidCosmosHALPCIDeviceEnableMemorySystemBoolean', ID = '521'
Method 'SystemUInt32CosmosHALPCIBaseAddressBarget_BaseAddress', ID = '522'
Method 'SystemVoidCosmosHALBlockDeviceRegistersGenericRegistersctorSystemUInt32', ID = '524'
Method 'SystemUInt32CosmosHALBlockDeviceRegistersGenericRegistersget_GlobalHostControl', ID = '526'
Method 'SystemVoidCosmosHALBlockDeviceRegistersGenericRegistersset_GlobalHostControlSystemUInt32', ID = '527'
Method 'SystemVoidCosmosHALBlockDeviceAHCIGetCapabilities', ID = '528'
Method 'SystemVoidSystemCollectionsGenericList1CosmosHALBlockDevicePortsStoragePortset_CapacitySystemInt32', ID = '531'
Method 'SystemVoidCosmosHALBlockDeviceAHCIGetPorts', ID = '532'
Method 'SystemCollectionsGenericList1EnumeratorCosmosHALBlockDevicePortsStoragePortSystemCollectionsGenericList1CosmosHALBlockDevicePortsStoragePortGetEnumerator', ID = '533'
Method 'CosmosHALBlockDevicePortsStoragePortSystemCollectionsGenericList1EnumeratorCosmosHALBlockDevicePortsStoragePortget_Current', ID = '534'
Method 'SystemBooleanSystemCollectionsGenericList1EnumeratorCosmosHALBlockDevicePortsStoragePortMoveNext', ID = '541'
Method 'SystemVoidCosmosSystemKeyboardManagercctor', ID = '544'
Method 'SystemVoidCosmosSystemConsoleset_BackgroundSystemConsoleColor', ID = '548'
Method 'SystemVoidCosmosSystem_PlugsSystemConsoleImplset_ForegroundColorSystemConsoleColor', ID = '549'
Method 'SystemVoidSystemCollectionsGenericList1CosmosHALPITPITTimerctor', ID = '551'
Method 'SystemVoidCosmosHALPITHandleIRQCosmosCoreINTsIRQContext', ID = '552'
Method 'SystemVoidCosmosCore_AsmDelegateImplCtorSystemObjectSystemIntPtr', ID = '785'
Method 'SystemVoidCosmosCoreINTsSetIrqHandlerSystemByteCosmosCoreINTsIRQDelegate', ID = '554'
Method 'SystemVoidCosmosHALPITset_T0CountdownSystemUInt16', ID = '555'
Method 'SystemVoidSystemCollectionsGenericList1SystemCharctorSystemInt32', ID = '556'
Method 'CosmosSystemConsoleKeyExCosmosSystemKeyEventget_Key', ID = '557'
Method 'SystemInt32CosmosSystemConsoleget_X', ID = '558'
Method 'SystemVoidSystemCollectionsGenericList1SystemCharRemoveAtSystemInt32', ID = '559'
Method 'SystemVoidCosmosSystemConsoleset_XSystemInt32', ID = '560'
Method 'SystemCharSystemCollectionsGenericList1SystemCharget_ItemSystemInt32', ID = '561'
Method 'SystemVoidCosmosSystem_PlugsSystemConsoleImplWriteSystemChar', ID = '562'
Method 'SystemInt32SystemCollectionsGenericList1SystemCharget_Count', ID = '563'
Method 'SystemCharCosmosSystemKeyEventget_KeyChar', ID = '564'
Method 'SystemVoidSystemCollectionsGenericList1SystemCharAddSystemChar', ID = '565'
Method 'SystemVoidSystemCollectionsGenericList1SystemCharctor', ID = '566'
Method 'CosmosSystemKeyEventCosmosSystemKeyboardManagerReadKey', ID = '567'
Method 'SystemVoidCosmosSystem_PlugsSystemConsoleImplWriteLine', ID = '568'
Method 'SystemChararraySystemCollectionsGenericList1SystemCharToArray', ID = '569'
Method 'SystemBooleanSystemStringEqualsSystemStringSystemString', ID = '571'
Method 'SystemVoidCosmosSystem_PlugsSystemConsoleImplClear', ID = '572'
Method 'SystemVoidCosmosSystem_PlugsSystemConsoleImplBeepSystemInt32SystemInt32', ID = '573'
Method 'SystemDateTimeCosmosSystem_PlugsSystemDateTimeImplget_Now', ID = '574'
Method 'SystemVoidSystemDateTimecctor', ID = '575'
Method 'SystemVoidCosmosSystem_PlugsSystemConsoleImplWriteLineSystemObject', ID = '579'
Method 'SystemTextEncodingSystemTextEncodingget_ASCII', ID = '581'
Method 'SystemInt32CosmosCore_PlugsSystemStringImplget_LengthSystemInt32', ID = '585'
Method 'SystemStringCosmosCore_PlugsSystemStringImplFastAllocateStringSystemInt32', ID = '586'
Method 'SystemVoidSystemStringwstrcpySystemCharpointerSystemCharpointerSystemInt32', ID = '587'
Method 'SystemStringSystemSRget_ArgumentNull_String', ID = '590'
Method 'SystemVoidSystemArgumentNullExceptionctorSystemStringSystemString', ID = '591'
Method 'SystemInt32SystemTextEncodingGetByteCountSystemString', ID = '592'
Method 'SystemInt32SystemTextEncodingGetBytesSystemStringSystemInt32SystemInt32SystemBytearraySystemInt32', ID = '593'
Method 'SystemVoidCosmosSystemConsoleDoLineFeed', ID = '594'
Method 'SystemVoidCosmosSystemConsoleDoCarriageReturn', ID = '595'
Method 'SystemVoidCosmosSystemConsoleDoTab', ID = '596'
Method 'SystemVoidCosmosSystemConsoleWriteSystemByte', ID = '597'
Method 'SystemStringSystemTypeToString', ID = '600'
Method 'SystemVoidCosmosCoreCosmosRuntimeTypectorSystemUInt32', ID = '604'
Method 'SystemInt64SystemBitConverterDoubleToInt64BitsSystemDouble', ID = '606'
Method 'SystemStringSystemCharToString', ID = '608'
Method 'SystemStringSystemStringSubstringSystemInt32SystemInt32', ID = '611'
Method 'SystemStringSystemArgumentOutOfRangeExceptionget_Message', ID = '612'
Method 'SystemStringSystemArgumentExceptionget_Message', ID = '613'
Method 'SystemStringCosmosCore_PlugsSystemExceptionImplget_Message', ID = '614'
Method 'SystemVoidCosmosCore_AsmCPUImplDoDisableInterrupts', ID = '615'
Method 'SystemUInt32CosmosCore_AsmCPUImplGetAmountOfRAM', ID = '616'
Method 'SystemStringCosmosCore_PlugsSystemSRImplInternalGetResourceStringSystemString', ID = '620'
Method 'SystemBooleanCosmosCore_PlugsSystemStringImplEqualsSystemStringSystemStringComparison', ID = '622'
Method 'SystemVoidSystemBitConvertercctor', ID = '627'
Method 'SystemVoidCosmosCoreINTsPutErrorCharSystemInt32SystemInt32SystemChar', ID = '630'
Method 'SystemVoidCosmosCoreINTsPutErrorStringSystemInt32SystemInt32SystemString', ID = '631'
Method 'SystemVoidCosmosCoreIOPortBasectorSystemUInt16', ID = '634'
Method 'SystemVoidCosmosCoreMemoryBlock08ctorSystemUInt32SystemUInt32', ID = '641'
Method 'SystemVoidCosmosCoreMemoryBlock16ctorSystemUInt32SystemUInt32', ID = '642'
Method 'SystemVoidCosmosCoreMemoryBlock32ctorSystemUInt32SystemUInt32', ID = '643'
Method 'SystemVoidCosmosCoreBaseIOGroupsctor', ID = '648'
Method 'SystemVoidSystemCollectionsGenericList1CosmosHALPCIDevicecctor', ID = '649'
Method 'SystemVoidCosmosHALPCIDevicecctor', ID = '655'
Method 'SystemUInt16CosmosHALPCIDeviceReadRegister16SystemByte', ID = '658'
Method 'SystemByteCosmosHALPCIDeviceReadRegister8SystemByte', ID = '659'
Method 'SystemVoidCosmosHALPCIDeviceset_InterruptLineSystemByte', ID = '660'
Method 'SystemUInt32CosmosHALPCIDeviceReadRegister32SystemByte', ID = '662'
Method 'SystemVoidCosmosHALPCIBaseAddressBarctorSystemUInt32', ID = '663'
Method 'SystemVoidSystemCollectionsGenericList1CosmosHALPCIDeviceAddCosmosHALPCIDevice', ID = '664'
Method 'SystemBooleanCosmosCoreACPICheck_RSDSystemUInt32', ID = '666'
Method 'SystemVoidSystemThrowHelperThrowInvalidOperationExceptionSystemExceptionResource', ID = '670'
Method 'SystemStringCosmosCommonExtensionsToHexStringConvertToHexSystemUInt32SystemInt32', ID = '673'
Method 'SystemVoidSystemArgumentNullExceptionctorSystemString', ID = '674'
Method 'SystemStringSystemStringConcatSystemStringSystemStringSystemString', ID = '676'
Method 'SystemBooleanCosmosHALPS2ControllerWaitForAck', ID = '678'
Method 'SystemVoidCosmosHALMouseBasector', ID = '681'
Method 'SystemVoidCosmosHALPS2MouseInitialize', ID = '683'
Method 'SystemVoidCosmosHALKeyboardBasector', ID = '685'
Method 'SystemVoidCosmosHALPS2KeyboardInitialize', ID = '687'
Method 'CosmosHALPCIDeviceCosmosHALPCIGetDeviceClassCosmosHALClassIDCosmosHALSubclassID', ID = '688'
Method 'SystemVoidCosmosCoreBaseIOGroupscctor', ID = '689'
Method 'SystemVoidCosmosHALBlockDeviceAtactor', ID = '692'
Method 'CosmosHALBlockDeviceAtaPioSpecLevelCosmosHALBlockDeviceAtaPioDiscoverDrive', ID = '693'
Method 'SystemVoidCosmosHALBlockDeviceAtaPioInitDrive', ID = '694'
Method 'SystemVoidCosmosHALBlockDeviceBlockDevicecctor', ID = '696'
Method 'SystemVoidSystemCollectionsGenericList1CosmosHALBlockDeviceBlockDeviceAddWithResizeCosmosHALBlockDeviceBlockDevice', ID = '698'
Method 'SystemVoidCosmosHALBlockDeviceAtacctor', ID = '699'
Method 'SystemStringCosmosHALBlockDeviceAtaToString', ID = '700'
Method 'SystemVoidCosmosHALBlockDeviceAtaPioReadBlockSystemUInt64SystemUInt64SystemBytearray', ID = '703'
Method 'SystemVoidSystemCollectionsGenericList1CosmosHALBlockDeviceMBRPartInfoctor', ID = '704'
Method 'SystemVoidCosmosHALBlockDeviceMBRParsePartitionSystemBytearraySystemUInt32', ID = '705'
Method 'SystemVoidSystemCollectionsGenericList1CosmosHALBlockDeviceEBRPartInfoctor', ID = '706'
Method 'SystemVoidCosmosHALBlockDeviceEBRParsePartitionSystemBytearraySystemUInt32', ID = '707'
Method 'SystemVoidSystemThrowHelperThrowArgumentOutOfRange_IndexException', ID = '711'
Method 'SystemVoidCosmosHALBlockDeviceBlockDevicector', ID = '713'
Method 'SystemUInt64CosmosHALBlockDeviceBlockDeviceget_BlockSize', ID = '714'
Method 'CosmosHALPCIDeviceCosmosHALPCIGetDeviceClassCosmosHALClassIDCosmosHALSubclassIDCosmosHALProgramIF', ID = '715'
Method 'SystemVoidSystemCollectionsGenericList1CosmosHALBlockDevicePortsStoragePortctor', ID = '716'
Method 'SystemVoidCosmosHALPCIDeviceWriteRegister16SystemByteSystemUInt16', ID = '717'
Method 'SystemUInt32CosmosCoreMemoryBlockget_ItemSystemUInt32', ID = '719'
Method 'SystemVoidCosmosCoreMemoryBlockset_ItemSystemUInt32SystemUInt32', ID = '720'
Method 'SystemUInt32CosmosHALBlockDeviceRegistersGenericRegistersget_Capabilities', ID = '721'
Method 'SystemVoidSystemThrowHelperThrowArgumentOutOfRangeExceptionSystemExceptionArgumentSystemExceptionResource', ID = '742'
Method 'SystemVoidSystemArrayCopySystemArraySystemInt32SystemArraySystemInt32SystemInt32', ID = '744'
Method 'SystemUInt32CosmosHALBlockDeviceRegistersGenericRegistersget_ImplementedPorts', ID = '746'
Method 'SystemVoidCosmosHALBlockDeviceRegistersPortRegistersctorSystemUInt32SystemUInt32', ID = '747'
Method 'CosmosHALBlockDeviceRegistersPortTypeCosmosHALBlockDeviceAHCICheckPortTypeCosmosHALBlockDeviceRegistersPortRegisters', ID = '748'
Method 'SystemStringSystemStringPadLeftSystemInt32SystemChar', ID = '750'
Method 'SystemVoidCosmosHALBlockDeviceAHCIPortRebaseCosmosHALBlockDeviceRegistersPortRegistersSystemUInt32', ID = '751'
Method 'SystemVoidCosmosHALBlockDevicePortsSATActorCosmosHALBlockDeviceRegistersPortRegisters', ID = '752'
Method 'SystemVoidSystemCollectionsGenericList1CosmosHALBlockDevicePortsStoragePortAddCosmosHALBlockDevicePortsStoragePort', ID = '753'
Method 'SystemVoidSystemCollectionsGenericList1EnumeratorCosmosHALBlockDevicePortsStoragePortctorSystemCollectionsGenericList1CosmosHALBlockDevicePortsStoragePort', ID = '754'
Method 'SystemStringCosmosCore_PlugsSystemStringImplFormatSystemStringSystemObjectSystemObject', ID = '756'
Method 'SystemStringCosmosCore_PlugsSystemStringImplFormatSystemStringSystemObject', ID = '757'
Method 'SystemBooleanSystemCollectionsGenericList1EnumeratorCosmosHALBlockDevicePortsStoragePortMoveNextRare', ID = '758'
Method 'SystemVoidSystemCollectionsGenericList1EnumeratorCosmosHALBlockDevicePortsStoragePortDispose', ID = '762'
Method 'SystemVoidSystemCollectionsGenericList1CosmosHALKeyboardBasector', ID = '763'
Method 'SystemVoidCosmosSystemScanMapsUS_Standardctor', ID = '765'
Method 'SystemVoidSystemCollectionsGenericQueue1CosmosSystemKeyEventctor', ID = '767'
Method 'SystemCollectionsGenericIEnumerable1CosmosHALKeyboardBaseCosmosHALGlobalGetKeyboardDevices', ID = '769'
Method 'SystemVoidCosmosSystemKeyboardManagerAddKeyboardCosmosHALKeyboardBase', ID = '772'
Method 'SystemStringCosmosSystem_PlugsSystemEnumImplToString', ID = '774'
Method 'SystemConsoleColorCosmosSystemConsoleget_Foreground', ID = '775'
Method 'SystemVoidCosmosSystemConsoleset_ForegroundSystemConsoleColor', ID = '776'
Method 'SystemUInt32CosmosHALPITget_T0DelyNS', ID = '779'
Method 'SystemInt32SystemCollectionsGenericList1CosmosHALPITPITTimerget_Count', ID = '780'
Method 'CosmosHALPITPITTimerSystemCollectionsGenericList1CosmosHALPITPITTimerget_ItemSystemInt32', ID = '781'
Method 'SystemVoidSystemCollectionsGenericList1CosmosHALPITPITTimerRemoveAtSystemInt32', ID = '783'
Method 'SystemVoidCosmosCore_AsmDelegateImplInvoke', ID = '632'
Method 'SystemVoidCosmosCoreINTsSetIntHandlerSystemByteCosmosCoreINTsIRQDelegate', ID = '786'
Method 'SystemVoidCosmosSystemConsoleUpdateCursor', ID = '794'
Method 'SystemVoidSystemCollectionsGenericList1SystemCharAddWithResizeSystemChar', ID = '795'
Method 'SystemVoidCosmosHALKeyboardBaseWaitForKey', ID = '796'
Method 'SystemInt32SystemCollectionsGenericQueue1CosmosSystemKeyEventget_Count', ID = '797'
Method 'CosmosSystemKeyEventSystemCollectionsGenericQueue1CosmosSystemKeyEventDequeue', ID = '798'
Method 'SystemVoidCosmosCore_PlugsSystemStringImplCtorSystemChararraySystemStringSystemInt32SystemCharpointer', ID = '800'
Method 'SystemVoidCosmosSystemConsoleClear', ID = '802'
Method 'SystemVoidCosmosSystemPCSpeakerBeepSystemUInt32SystemUInt32', ID = '803'
Method 'SystemByteCosmosHALRTCget_Century', ID = '805'
Method 'SystemByteCosmosHALRTCget_Year', ID = '806'
Method 'SystemByteCosmosHALRTCget_Month', ID = '807'
Method 'SystemByteCosmosHALRTCget_DayOfTheMonth', ID = '808'
Method 'SystemByteCosmosHALRTCget_Hour', ID = '809'
Method 'SystemByteCosmosHALRTCget_Minute', ID = '810'
Method 'SystemByteCosmosHALRTCget_Second', ID = '811'
Method 'SystemVoidSystemDateTimectorSystemInt32SystemInt32SystemInt32SystemInt32SystemInt32SystemInt32', ID = '812'
Method 'SystemVoidCosmosCore_AsmRuntimeHelpersImplInitializeArraySystemArraySystemRuntimeFieldHandle', ID = '815'
Method 'SystemVoidSystemDateTimectorSystemInt64SystemDateTimeKind', ID = '819'
Method 'SystemStringCosmosSystem_PlugsSystemDateTimeImplToString', ID = '822'
Method 'SystemVoidCosmosCore_PlugsSystemEnvironmentImplCCtor', ID = '825'
Method 'SystemVoidSystemBufferMemcpySystemBytepointerSystemBytepointerSystemInt32', ID = '828'
Method 'SystemVoidSystemTextEncodingcctor', ID = '829'
Method 'SystemInt32SystemTextASCIIEncodingGetByteCountSystemString', ID = '836'
Method 'SystemInt32SystemTextASCIIEncodingGetBytesSystemStringSystemInt32SystemInt32SystemBytearraySystemInt32', ID = '838'
Method 'SystemVoidCosmosCore_PlugsSystemTypeImplCCtor', ID = '842'
Method 'SystemVoidCosmosCoreCosmosRuntimeTypector', ID = '845'
Method 'SystemVoidCosmosCommonStringHelpercctor', ID = '846'
Method 'SystemStringCosmosSystem_PlugsSystemUInt64ImplToString', ID = '847'
Method 'SystemStringSystemCharToStringSystemChar', ID = '848'
Method 'SystemCharCosmosCore_PlugsSystemStringImplget_CharsSystemInt32SystemCharpointer', ID = '849'
Method 'SystemChararrayCosmosCore_PlugsSystemStringImplToCharArray', ID = '850'
Method 'SystemStringSystemSRget_ArgumentOutOfRange_StartIndex', ID = '851'
Method 'SystemVoidSystemArgumentOutOfRangeExceptionctorSystemStringSystemString', ID = '852'
Method 'SystemStringSystemSRget_ArgumentOutOfRange_StartIndexLargerThanLength', ID = '853'
Method 'SystemStringSystemSRget_ArgumentOutOfRange_NegativeLength', ID = '854'
Method 'SystemStringSystemSRget_ArgumentOutOfRange_IndexLength', ID = '855'
Method 'SystemStringSystemStringInternalSubStringSystemInt32SystemInt32', ID = '856'
Method 'SystemStringSystemSRget_ArgumentOutOfRange_ActualValue', ID = '857'
Method 'SystemStringSystemSRFormatSystemStringSystemObject', ID = '858'
Method 'SystemStringSystemSRget_Arg_ParamName_Name', ID = '859'
Method 'SystemStringSystemStringToLower', ID = '861'
Method 'SystemBooleanCosmosCore_PlugsSystemStringImplEqualsHelperSystemStringSystemString', ID = '862'
Method 'SystemStringCosmosSystem_PlugsSystemInt64ImplToString', ID = '863'
Method 'SystemVoidSystemNotImplementedExceptionctor', ID = '866'
Method 'SystemStringCosmosSystem_PlugsSystemByteImplToString', ID = '867'
Method 'SystemByteCosmosCore_AsmIOPortImplRead8SystemUInt16', ID = '868'
Method 'SystemVoidCosmosCore_AsmIOPortImplWrite8SystemUInt16SystemByte', ID = '869'
Method 'SystemStringCosmosSystem_PlugsSystemUInt16ImplToString', ID = '873'
Method 'SystemVoidCosmosCoreIOGroupPS2Controllerctor', ID = '874'
Method 'SystemVoidCosmosCoreIOGroupPITctor', ID = '875'
Method 'SystemVoidCosmosCoreIOGroupATActorSystemBoolean', ID = '876'
Method 'SystemVoidCosmosCoreIOGroupRTCctor', ID = '877'
Method 'SystemVoidCosmosCoreIOGroupVBEctor', ID = '878'
Method 'SystemVoidCosmosCoreIOGroupPCIctor', ID = '879'
Method 'SystemVoidCosmosCore_AsmIOPortImplWrite32SystemUInt16SystemUInt32', ID = '880'
Method 'SystemUInt32CosmosCore_AsmIOPortImplRead32SystemUInt16', ID = '881'
Method 'SystemVoidSystemCollectionsGenericList1CosmosHALPCIDeviceAddWithResizeCosmosHALPCIDevice', ID = '882'
Method 'SystemInvalidOperationExceptionSystemThrowHelperGetInvalidOperationExceptionSystemExceptionResource', ID = '885'
Method 'SystemStringCosmosCommonExtensionsToHexStringConvertToHexSystemUInt32', ID = '886'
Method 'SystemStringSystemSRget_ArgumentNull_Generic', ID = '887'
Method 'SystemVoidCosmosCore_PlugsSystemOutOfMemoryExceptionImplCtor', ID = '889'
Method 'SystemVoidCosmosHALPS2Mousecctor', ID = '890'
Method 'SystemVoidCosmosHALPS2MouseSendCommandCosmosHALPS2MouseCommandSystemNullable1SystemByte', ID = '891'
Method 'SystemBooleanCosmosHALPS2ControllerWaitForDeviceReset', ID = '892'
Method 'SystemByteCosmosHALPS2MouseTryToEnableScrollWheel', ID = '893'
Method 'SystemByteCosmosHALPS2MouseTryToEnableAdditionalButtons', ID = '894'
Method 'SystemVoidCosmosHALPS2MouseHandleMouseCosmosCoreINTsIRQContext', ID = '895'
Method 'SystemVoidCosmosHALPS2KeyboardSendCommandCosmosHALPS2KeyboardCommandSystemNullable1SystemByte', ID = '896'
Method 'SystemVoidCosmosHALPS2KeyboardHandleIRQCosmosCoreINTsIRQContext', ID = '897'
Method 'CosmosHALPCIDeviceSystemCollectionsGenericList1CosmosHALPCIDeviceget_ItemSystemInt32', ID = '901'
Method 'SystemInt32SystemCollectionsGenericList1CosmosHALPCIDeviceget_Count', ID = '902'
Method 'SystemVoidCosmosCoreIOGroupPCSpeakerctor', ID = '903'
Method 'SystemVoidCosmosHALBlockDeviceAtaPiocctor', ID = '905'
Method 'SystemStringCosmosHALBlockDeviceAtaPioToString', ID = '906'
Method 'SystemVoidCosmosHALBlockDeviceAtaPioSelectDriveSystemByte', ID = '907'
Method 'CosmosHALBlockDeviceAtaPioStatusCosmosHALBlockDeviceAtaPioSendCmdCosmosHALBlockDeviceAtaPioCmdSystemBoolean', ID = '908'
Method 'CosmosHALBlockDeviceAtaPioStatusCosmosHALBlockDeviceAtaPioSendCmdCosmosHALBlockDeviceAtaPioCmd', ID = '909'
Method 'SystemVoidCosmosCoreIOPortBaseRead16SystemUInt16array', ID = '910'
Method 'SystemStringCosmosHALBlockDeviceAtaPioGetStringSystemUInt16arraySystemInt32SystemInt32', ID = '911'
Method 'SystemVoidSystemCollectionsGenericList1CosmosHALBlockDeviceBlockDevicector', ID = '912'
Method 'SystemVoidSystemCollectionsGenericList1CosmosHALBlockDeviceBlockDevicecctor', ID = '913'
Method 'SystemVoidSystemCollectionsGenericList1CosmosHALBlockDeviceBlockDeviceEnsureCapacitySystemInt32', ID = '919'
Method 'SystemVoidCosmosHALBlockDeviceBlockDeviceCheckDataSizeSystemBytearraySystemUInt64', ID = '922'
Method 'SystemVoidCosmosHALBlockDeviceAtaPioSelectSectorSystemUInt64SystemUInt64', ID = '923'
Method 'SystemVoidCosmosCoreIOPortBaseRead8SystemBytearray', ID = '924'
Method 'SystemUInt32SystemBitConverterToUInt32SystemBytearraySystemInt32', ID = '926'
Method 'SystemVoidCosmosHALBlockDeviceMBRPartInfoctorSystemByteSystemUInt32SystemUInt32', ID = '927'
Method 'SystemVoidSystemCollectionsGenericList1CosmosHALBlockDeviceMBRPartInfoAddCosmosHALBlockDeviceMBRPartInfo', ID = '928'
Method 'SystemVoidCosmosHALBlockDeviceEBRPartInfoctorSystemByteSystemUInt32SystemUInt32', ID = '930'
Method 'SystemVoidSystemCollectionsGenericList1CosmosHALBlockDeviceEBRPartInfoAddCosmosHALBlockDeviceEBRPartInfo', ID = '931'
Method 'SystemVoidSystemCollectionsGenericList1CosmosHALBlockDeviceEBRPartInfocctor', ID = '932'
Method 'SystemVoidSystemCollectionsGenericList1CosmosHALBlockDeviceMBRPartInfocctor', ID = '938'
Method 'SystemVoidCosmosDebugKernelPlugsAsmDebuggerAsmDoSendNumberSystemInt32', ID = '944'
Method 'SystemArgumentOutOfRangeExceptionSystemThrowHelperGetArgumentOutOfRangeExceptionSystemExceptionArgumentSystemExceptionResource', ID = '945'
Method 'SystemStringCosmosHALBlockDevicePartitionToString', ID = '946'
Method 'SystemVoidCosmosHALBlockDevicePartitionReadBlockSystemUInt64SystemUInt64SystemBytearray', ID = '947'
Method 'SystemVoidCosmosCoreIOPortset_WordSystemUInt16', ID = '949'
Method 'SystemVoidSystemCollectionsGenericList1CosmosHALBlockDevicePortsStoragePortcctor', ID = '950'
Method 'SystemUInt32CosmosHALBlockDeviceRegistersPortRegistersget_SSTS', ID = '958'
Method 'SystemUInt32CosmosHALBlockDeviceRegistersPortRegistersget_SIG', ID = '959'
Method 'SystemStringSystemSRget_ArgumentOutOfRange_NeedNonNegNum', ID = '960'
Method 'SystemBooleanCosmosHALBlockDeviceAHCIStopCMDCosmosHALBlockDeviceRegistersPortRegisters', ID = '961'
Method 'SystemVoidCosmosHALBlockDevicePortsSATAPortResetCosmosHALBlockDeviceRegistersPortRegisters', ID = '962'
Method 'SystemVoidCosmosHALBlockDeviceRegistersPortRegistersset_CLBSystemUInt32', ID = '963'
Method 'SystemVoidCosmosHALBlockDeviceRegistersPortRegistersset_FBSystemUInt32', ID = '964'
Method 'SystemVoidCosmosHALBlockDeviceRegistersPortRegistersset_SERRSystemUInt32', ID = '965'
Method 'SystemVoidCosmosHALBlockDeviceRegistersPortRegistersset_ISSystemUInt32', ID = '966'
Method 'SystemVoidCosmosHALBlockDeviceRegistersPortRegistersset_IESystemUInt32', ID = '967'
Method 'SystemUInt32CosmosHALBlockDeviceRegistersPortRegistersget_CLB', ID = '968'
Method 'SystemVoidCosmosCoreMemoryBlockFillSystemByte', ID = '969'
Method 'SystemUInt32CosmosHALBlockDeviceRegistersPortRegistersget_FB', ID = '970'
Method 'CosmosHALBlockDeviceRegistersHBACommandHeaderarrayCosmosHALBlockDeviceAHCIGetCommandHeaderCosmosHALBlockDeviceRegistersPortRegisters', ID = '971'
Method 'SystemBooleanCosmosHALBlockDeviceAHCIStartCMDCosmosHALBlockDeviceRegistersPortRegisters', ID = '972'
Method 'SystemVoidCosmosHALBlockDevicePortsStoragePortctor', ID = '974'
Method 'SystemUInt32CosmosHALBlockDeviceRegistersPortRegistersget_CMD', ID = '975'
Method 'SystemVoidCosmosCoreMemoryGroupAHCIctorSystemUInt32', ID = '976'
Method 'SystemVoidCosmosHALBlockDevicePortsSATASendSATA28CommandCosmosHALBlockDeviceRegistersATACommandsSystemUInt32SystemUInt32', ID = '977'
Method 'SystemVoidCosmosCoreMemoryBlockRead16SystemUInt16array', ID = '979'
Method 'SystemStringCosmosHALBlockDevicePortsSATAGetStringSystemUInt16arraySystemInt32SystemInt32', ID = '980'
Method 'SystemVoidSystemCollectionsGenericList1CosmosHALBlockDevicePortsStoragePortAddWithResizeCosmosHALBlockDevicePortsStoragePort', ID = '981'
Method 'SystemStringCosmosCore_PlugsSystemStringImplFormatHelperSystemIFormatProviderSystemStringSystemObjectarray', ID = '982'
Method 'SystemVoidSystemThrowHelperThrowInvalidOperationException_InvalidOperation_EnumFailedVersion', ID = '983'
Method 'SystemVoidCosmosSystemScanMapBasector', ID = '987'
Method 'CosmosSystemKeyEventarraySystemArrayEmptyCosmosSystemKeyEvent', ID = '989'
Method 'SystemVoidSystemCollectionsGenericList1CosmosHALKeyboardBaseAddCosmosHALKeyboardBase', ID = '991'
Method 'SystemCollectionsGenericIEnumerator1CosmosHALKeyboardBaseSystemCollectionsGenericList1CosmosHALKeyboardBaseSystemCollectionsGenericIEnumerableTGetEnumerator', ID = '993'
Method 'SystemVoidCosmosSystemKeyboardManagerHandleScanCodeSystemByteSystemBoolean', ID = '994'
Method 'SystemVoidCosmosCore_AsmDelegateImplCtorSystemObjectSystemIntPtr', ID = '785'
Method 'SystemConsoleColorCosmosSystemConsoleget_Background', ID = '998'
Method 'SystemVoidSystemCollectionsGenericList1CosmosHALPITPITTimercctor', ID = '999'
Method 'SystemVoidCosmosHALPITPITTimerDispose', ID = '1005'
Method 'SystemVoidSystemCollectionsGenericList1SystemCharcctor', ID = '1008'
Method 'SystemVoidSystemCharcctor', ID = '1013'
Method 'SystemBooleanCosmosCore_PlugsSystemRuntimeCompilerServicesRuntimeHelpersImplIsReferenceOrContainsReferences', ID = '1017'
Method 'SystemVoidSystemCollectionsGenericList1SystemCharEnsureCapacitySystemInt32', ID = '1019'
Method 'CosmosCoreCPUCosmosCoreGlobalget_CPU', ID = '1020'
Method 'SystemVoidSystemCollectionsGenericQueue1CosmosSystemKeyEventThrowForEmptyQueue', ID = '1022'
Method 'SystemVoidSystemCollectionsGenericQueue1CosmosSystemKeyEventMoveNextSystemInt32', ID = '1024'
Method 'SystemVoidCosmosHALPCSpeakerBeepSystemUInt32SystemUInt32', ID = '1028'
Method 'SystemVoidCosmosSystem_PlugsSystemDateTimeImplcctor', ID = '1029'
Method 'SystemVoidCosmosHALRTCWaitForReady', ID = '1031'
Method 'SystemByteCosmosHALRTCFromBCDSystemByte', ID = '1035'
Method 'SystemInt64SystemDateTimeDateToTicksSystemInt32SystemInt32SystemInt32', ID = '1037'
Method 'SystemInt64SystemDateTimeTimeToTicksSystemInt32SystemInt32SystemInt32', ID = '1038'
Method 'SystemStringSystemSRget_ArgumentOutOfRange_DateTimeBadTicks', ID = '1042'
Method 'SystemStringSystemSRget_Argument_InvalidDateTimeKind', ID = '1043'
Method 'SystemVoidSystemTextASCIIEncodingcctor', ID = '1047'
Method 'SystemVoidCosmosCore_PlugsSystemStringImplcctor', ID = '1049'
Method 'SystemVoidSystemBufferMemmoveSystemBytepointerSystemBytepointerSystemUInt32', ID = '1051'
Method 'SystemVoidSystemTextUTF8EncodingUTF8EncodingSealedctorSystemBoolean', ID = '1052'
Method 'SystemInt32SystemTextEncodingGetByteCountSystemCharpointerSystemInt32SystemTextEncoderNLS', ID = '1055'
Method 'SystemInt32SystemTextASCIIEncodingGetByteCountSystemChararraySystemInt32SystemInt32', ID = '1056'
Method 'SystemStringSystemSRget_ArgumentNull_Array', ID = '1057'
Method 'SystemStringSystemSRget_ArgumentOutOfRange_IndexCount', ID = '1058'
Method 'SystemStringSystemSRget_ArgumentOutOfRange_Index', ID = '1059'
Method 'SystemInt32SystemTextEncodingGetBytesSystemCharpointerSystemInt32SystemBytepointerSystemInt32SystemTextEncoderNLS', ID = '1060'
Method 'SystemInt32SystemTextASCIIEncodingGetBytesSystemChararraySystemInt32SystemInt32SystemBytearraySystemInt32', ID = '1061'
Method 'SystemVoidCosmosHALTextScreenScrollUp', ID = '1062'
Method 'SystemVoidCosmosHALTextScreenset_ItemSystemInt32SystemInt32SystemByte', ID = '1063'
Method 'SystemStringCosmosCoreCosmosRuntimeTypeget_Name', ID = '1065'
Method 'SystemVoidSystemTypector', ID = '1066'
Method 'SystemStringCosmosCommonStringHelperGetNumberStringSystemUInt64', ID = '1072'
Method 'SystemStringSystemStringCreateFromCharSystemChar', ID = '1073'
Method 'SystemBooleanSystemSRUsingResourceKeys', ID = '1074'
Method 'SystemStringSystemStringJoinSystemStringSystemObjectarray', ID = '1075'
Method 'SystemStringCosmosCommonStringHelperGetNumberStringSystemInt64', ID = '1081'
Method 'SystemStringSystemSRget_Arg_NotImplementedException', ID = '1082'
Method 'SystemVoidCosmosCoreIOPortReadctorSystemUInt16', ID = '1087'
Method 'SystemVoidCosmosCoreIOPortWritectorSystemUInt16', ID = '1088'
Method 'SystemUInt16CosmosCoreIOGroupATAGetBAR0SystemBoolean', ID = '1089'
Method 'SystemUInt16CosmosCoreIOGroupATAGetBAR1SystemBoolean', ID = '1090'
Method 'SystemVoidCosmosCoreIOPortWritectorSystemUInt16SystemUInt16', ID = '1091'
Method 'SystemVoidCosmosCoreIOPortctorSystemUInt16SystemUInt16', ID = '1092'
Method 'SystemVoidCosmosCoreIOPortReadctorSystemUInt16SystemUInt16', ID = '1093'
Method 'SystemVoidSystemCollectionsGenericList1CosmosHALPCIDeviceEnsureCapacitySystemInt32', ID = '1095'
Method 'SystemStringSystemThrowHelperGetResourceStringSystemExceptionResource', ID = '1096'
Method 'SystemCharCosmosCommonExtensionsToHexStringDigitToHexCharSystemByte', ID = '1097'
Method 'SystemByteCosmosHALPS2Mouseget_PS2Port', ID = '1101'
Method 'SystemVoidCosmosHALPS2ControllerPrepareSecondPortWrite', ID = '1102'
Method 'SystemByteCosmosHALPS2ControllerReadByteAfterAck', ID = '1103'
Method 'SystemBooleanCosmosHALPS2Mouseget_HasScrollWheel', ID = '1104'
Method 'SystemVoidCosmosCore_AsmDelegateImplInvoke', ID = '632'
Method 'SystemByteCosmosHALPS2Keyboardget_PS2Port', ID = '1107'
Method 'SystemVoidCosmosCore_AsmDelegateImplInvoke', ID = '632'
Method 'SystemVoidCosmosHALPS2KeyboardUpdateLeds', ID = '1109'
Method 'SystemVoidCosmosHALBlockDeviceAtaPioWait', ID = '1112'
Method 'SystemVoidCosmosHALBlockDeviceAtaPioDebugSystemString', ID = '1115'
Method 'SystemVoidCosmosHALBlockDeviceAtaPioDebugHexSystemStringSystemUInt32', ID = '1116'
Method 'SystemVoidSystemCollectionsGenericList1CosmosHALBlockDeviceBlockDeviceset_CapacitySystemInt32', ID = '1120'
Method 'SystemVoidCosmosHALBlockDeviceBlockDeviceCheckBlockNoSystemUInt64SystemUInt64', ID = '1121'
Method 'SystemVoidCosmosCoreIOPortWriteset_WordSystemUInt16', ID = '1122'
Method 'SystemInt32SystemBitConverterReadInt32SystemBytearraySystemInt32', ID = '1123'
Method 'SystemVoidSystemCollectionsGenericList1CosmosHALBlockDeviceMBRPartInfoAddWithResizeCosmosHALBlockDeviceMBRPartInfo', ID = '1124'
Method 'SystemVoidSystemCollectionsGenericList1CosmosHALBlockDeviceEBRPartInfoAddWithResizeCosmosHALBlockDeviceEBRPartInfo', ID = '1126'
Method 'SystemStringSystemThrowHelperGetArgumentNameSystemExceptionArgument', ID = '1127'
Method 'SystemVoidCosmosCore_AsmArrayImplCopySystemArraySystemInt32SystemArraySystemInt32SystemInt32SystemBoolean', ID = '1129'
Method 'SystemVoidCosmosHALBlockDeviceRegistersPortRegistersset_CMDSystemUInt32', ID = '1130'
Method 'SystemVoidCosmosHALBlockDeviceAHCIWaitSystemInt32', ID = '1131'
Method 'SystemUInt32CosmosHALBlockDeviceRegistersPortRegistersget_CI', ID = '1132'
Method 'SystemUInt32CosmosHALBlockDeviceRegistersPortRegistersget_TFD', ID = '1133'
Method 'SystemVoidCosmosHALBlockDeviceAHCIHBAReset', ID = '1134'
Method 'SystemVoidCosmosHALBlockDeviceRegistersPortRegistersset_SCTLSystemUInt32', ID = '1135'
Method 'SystemUInt32CosmosHALBlockDeviceRegistersPortRegistersget_SCTL', ID = '1136'
Method 'SystemVoidCosmosCoreMemoryBlockFillSystemUInt32SystemUInt32SystemByte', ID = '1137'
Method 'SystemVoidCosmosHALBlockDeviceRegistersHBACommandHeaderctorSystemUInt32SystemUInt32', ID = '1140'
Method 'SystemVoidCosmosHALBlockDeviceRegistersHBACommandHeaderset_PRDTLSystemUInt16', ID = '1141'
Method 'SystemVoidCosmosHALBlockDeviceRegistersHBACommandHeaderset_CTBASystemUInt32', ID = '1142'
Method 'SystemVoidCosmosHALBlockDeviceRegistersHBACommandHeaderset_CTBAUSystemUInt32', ID = '1143'
Method 'SystemUInt32CosmosHALBlockDeviceRegistersHBACommandHeaderget_CTBA', ID = '1144'
Method 'SystemVoidCosmosHALBlockDevicePortsSATAcctor', ID = '1145'
Method 'SystemVoidCosmosHALBlockDevicePortsSATAReadBlockSystemUInt64SystemUInt64SystemBytearray', ID = '1146'
Method 'CosmosHALBlockDeviceRegistersPortTypeCosmosHALBlockDevicePortsSATAget_mPortType', ID = '1147'
Method 'SystemStringCosmosHALBlockDevicePortsSATAget_mPortName', ID = '1148'
Method 'SystemUInt32CosmosHALBlockDevicePortsSATAget_mPortNumber', ID = '1149'
Method 'SystemInt32CosmosHALBlockDevicePortsSATAFindCMDSlot', ID = '1151'
Method 'SystemVoidCosmosHALBlockDeviceRegistersHBACommandHeaderset_CFLSystemByte', ID = '1152'
Method 'SystemVoidCosmosHALBlockDeviceRegistersHBACommandHeaderset_WriteSystemByte', ID = '1153'
Method 'SystemUInt16CosmosHALBlockDeviceRegistersHBACommandHeaderget_PRDTL', ID = '1154'
Method 'SystemVoidCosmosHALBlockDeviceRegistersHBACommandTablectorSystemUInt32SystemUInt32', ID = '1155'
Method 'SystemVoidCosmosHALBlockDeviceRegistersHBAPRDTEntryset_DBASystemUInt32', ID = '1157'
Method 'SystemVoidCosmosHALBlockDeviceRegistersHBAPRDTEntryset_DBCSystemUInt32', ID = '1158'
Method 'SystemVoidCosmosHALBlockDeviceRegistersHBAPRDTEntryset_InterruptOnCompletionSystemByte', ID = '1159'
Method 'SystemUInt32CosmosHALBlockDeviceRegistersHBACommandTableget_CFIS', ID = '1160'
Method 'SystemVoidCosmosHALBlockDeviceRegistersFISRegisterH2DctorSystemUInt32', ID = '1161'
Method 'SystemVoidCosmosHALBlockDeviceRegistersFISRegisterH2Dset_FISTypeSystemByte', ID = '1162'
Method 'SystemVoidCosmosHALBlockDeviceRegistersFISRegisterH2Dset_IsCommandSystemByte', ID = '1163'
Method 'SystemVoidCosmosHALBlockDeviceRegistersFISRegisterH2Dset_CommandSystemByte', ID = '1164'
Method 'SystemVoidCosmosHALBlockDeviceRegistersFISRegisterH2Dset_DeviceSystemByte', ID = '1165'
Method 'SystemVoidCosmosHALBlockDeviceRegistersFISRegisterH2Dset_LBA0SystemByte', ID = '1166'
Method 'SystemVoidCosmosHALBlockDeviceRegistersFISRegisterH2Dset_LBA1SystemByte', ID = '1167'
Method 'SystemVoidCosmosHALBlockDeviceRegistersFISRegisterH2Dset_LBA2SystemByte', ID = '1168'
Method 'SystemVoidCosmosHALBlockDeviceRegistersFISRegisterH2Dset_CountLSystemByte', ID = '1169'
Method 'SystemVoidCosmosHALBlockDeviceRegistersPortRegistersset_CISystemUInt32', ID = '1171'
Method 'SystemUInt32CosmosHALBlockDeviceRegistersPortRegistersget_IS', ID = '1172'
Method 'SystemVoidSystemCollectionsGenericList1CosmosHALBlockDevicePortsStoragePortEnsureCapacitySystemInt32', ID = '1173'
Method 'SystemVoidSystemFormatExceptionctorSystemString', ID = '1175'
Method 'SystemInt32CosmosCommonStringHelperGetStringToNumberSystemString', ID = '1176'
Method 'SystemBooleanSystemCharIsDigitSystemChar', ID = '1177'
Method 'SystemVoidSystemCollectionsGenericList1CosmosHALKeyboardBasecctor', ID = '1178'
Method 'SystemVoidSystemCollectionsGenericList1CosmosHALKeyboardBaseAddWithResizeCosmosHALKeyboardBase', ID = '1190'
Method 'SystemVoidSystemCollectionsGenericList1EnumeratorCosmosHALKeyboardBasectorSystemCollectionsGenericList1CosmosHALKeyboardBase', ID = '1191'
Method 'SystemBooleanCosmosSystemScanMapBaseScanCodeMatchesKeySystemByteCosmosSystemConsoleKeyEx', ID = '1193'
Method 'SystemBooleanCosmosSystemKeyboardManagerget_CapsLock', ID = '1194'
Method 'SystemVoidCosmosSystemKeyboardManagerUpdateLeds', ID = '1195'
Method 'SystemBooleanCosmosSystemKeyboardManagerget_NumLock', ID = '1196'
Method 'SystemBooleanCosmosSystemKeyboardManagerget_ScrollLock', ID = '1197'
Method 'SystemVoidCosmosSystemKeyboardManagerset_ControlPressedSystemBoolean', ID = '1198'
Method 'SystemVoidCosmosSystemKeyboardManagerset_ShiftPressedSystemBoolean', ID = '1199'
Method 'SystemVoidCosmosSystemKeyboardManagerset_AltPressedSystemBoolean', ID = '1200'
Method 'SystemBooleanCosmosSystemKeyboardManagerget_ControlPressed', ID = '1201'
Method 'SystemBooleanCosmosSystemKeyboardManagerget_AltPressed', ID = '1202'
Method 'SystemVoidCosmosSystemPowerReboot', ID = '1203'
Method 'SystemBooleanCosmosSystemKeyboardManagerGetKeySystemByteCosmosSystemKeyEvent', ID = '1204'
Method 'SystemVoidCosmosSystemKeyboardManagerEnqueueCosmosSystemKeyEvent', ID = '1205'
Method 'SystemByteCosmosHALTextScreenGetColor', ID = '1207'
Method 'SystemVoidCosmosHALPITUnregisterTimerSystemInt32', ID = '1208'
Method 'SystemVoidCosmosHALTextScreenSetCursorPosSystemInt32SystemInt32', ID = '1212'
Method 'SystemVoidSystemCollectionsGenericList1SystemCharset_CapacitySystemInt32', ID = '1213'
Method 'SystemVoidCosmosCore_AsmCPUImplHalt', ID = '1214'
Method 'SystemStringSystemSRget_InvalidOperation_EmptyQueue', ID = '1215'
Method 'SystemVoidCosmosHALTextScreenClear', ID = '1216'
Method 'SystemVoidCosmosHALPCSpeakerBeepSystemUInt32', ID = '1218'
Method 'SystemVoidCosmosHALPITWaitSystemUInt32', ID = '1220'
Method 'SystemVoidCosmosHALPCSpeakerDisableSound', ID = '1221'
Method 'SystemVoidCosmosHALRTCcctor', ID = '1224'
Method 'SystemBooleanSystemDateTimeIsLeapYearSystemInt32', ID = '1225'
Method 'SystemStringSystemSRget_ArgumentOutOfRange_BadYearMonthDay', ID = '1226'
Method 'SystemInt64SystemTimeSpanTimeToTicksSystemInt32SystemInt32SystemInt32', ID = '1227'
Method 'SystemStringSystemSRget_ArgumentOutOfRange_BadHourMinuteSecond', ID = '1228'
Method 'SystemStringCosmosSystem_PlugsSystemDateTimeImplToShortDateString', ID = '1230'
Method 'SystemStringCosmosSystem_PlugsSystemDateTimeImplToLongTimeString', ID = '1231'
Method 'SystemVoidSystemTextASCIIEncodingASCIIEncodingSealedctor', ID = '1232'
Method 'SystemVoidSystemBuffer_MemmoveSystemBytepointerSystemBytepointerSystemUInt32', ID = '1236'
Method 'SystemVoidSystemTextUTF8EncodingctorSystemBoolean', ID = '1238'
Method 'SystemInt32CosmosSystem_PlugsSystemRuntimeRuntimeHelpersImplget_OffsetToStringData', ID = '1239'
Method 'SystemInt32SystemTextASCIIEncodingGetByteCountSystemCharpointerSystemInt32SystemTextEncoderNLS', ID = '1241'
Method 'SystemInt32SystemTextUTF8EncodingGetByteCountSystemCharpointerSystemInt32SystemTextEncoderNLS', ID = '1242'
Method 'SystemInt32SystemTextEncodingGetByteCountSystemCharpointerSystemInt32', ID = '1243'
Method 'SystemStringSystemSRget_ArgumentOutOfRange_IndexCountBuffer', ID = '1244'
Method 'SystemInt32SystemTextASCIIEncodingGetBytesSystemCharpointerSystemInt32SystemBytepointerSystemInt32SystemTextEncoderNLS', ID = '1245'
Method 'SystemInt32SystemTextUTF8EncodingGetBytesSystemCharpointerSystemInt32SystemBytepointerSystemInt32SystemTextEncoderNLS', ID = '1246'
Method 'SystemInt32SystemTextEncodingGetBytesSystemCharpointerSystemInt32SystemBytepointerSystemInt32', ID = '1247'
Method 'SystemVoidCosmosCoreMemoryBlockMoveDownSystemUInt32SystemUInt32SystemUInt32', ID = '1248'
Method 'SystemVoidCosmosCoreMemoryBlockFillSystemUInt32SystemUInt32SystemUInt16', ID = '1249'
Method 'SystemVoidCosmosCoreMemoryBlock08set_ItemSystemUInt32SystemByte', ID = '1250'
Method 'SystemVoidCosmosCore_PlugsSystemTypeImplcctor', ID = '1251'
Method 'SystemVoidSystemReflectionMemberInfoctor', ID = '1252'
Method 'SystemVoidSystemGuidcctor', ID = '1253'
Method 'SystemStringSystemGuidToString', ID = '1254'
Method 'SystemStringSystemStringJoinCoreSystemCharpointerSystemInt32SystemObjectarray', ID = '1257'
Method 'SystemGlobalizationCultureInfoCosmosCore_PlugsSystemGlobalizationCultureInfoImplget_CurrentCulture', ID = '1259'
Method 'SystemStringCosmosCore_PlugsSystemStringImplToLowerSystemGlobalizationCultureInfo', ID = '1260'
Method 'SystemInt32CosmosCore_PlugsSystemStringImplCompareToSystemString', ID = '1261'
Method 'SystemVoidCosmosCoreIOPortBasectorSystemUInt16SystemUInt16', ID = '1262'
Method 'SystemVoidSystemCollectionsGenericList1CosmosHALPCIDeviceset_CapacitySystemInt32', ID = '1263'
Method 'SystemStringSystemSRGetResourceStringSystemString', ID = '1264'
Method 'SystemUInt16CosmosCore_AsmIOPortImplRead16SystemUInt16', ID = '1271'
Method 'SystemVoidSystemThrowHelperThrowArgumentNullExceptionSystemExceptionArgument', ID = '1272'
Method 'SystemVoidSystemThrowHelperThrowArgumentExceptionSystemExceptionResourceSystemExceptionArgument', ID = '1273'
Method 'SystemInt32SystemRuntimeCompilerServicesUnsafeReadUnalignedSystemInt32SystemByte', ID = '1274'
Method 'SystemVoidSystemCollectionsGenericList1CosmosHALBlockDeviceMBRPartInfoEnsureCapacitySystemInt32', ID = '1275'
Method 'SystemVoidSystemCollectionsGenericList1CosmosHALBlockDeviceEBRPartInfoEnsureCapacitySystemInt32', ID = '1276'
Method 'SystemVoidCosmosCore_AsmIOPortImplWrite16SystemUInt16SystemUInt16', ID = '1277'
Method 'SystemVoidCosmosCoreMemoryOperationsFillSystemBytepointerSystemByteSystemInt32', ID = '1279'
Method 'SystemVoidCosmosCoreMemoryBlock16set_ItemSystemUInt32SystemUInt16', ID = '1285'
Method 'SystemVoidCosmosHALBlockDevicePortsSATASendSATA48CommandCosmosHALBlockDeviceRegistersATACommandsSystemUInt64SystemUInt32', ID = '1286'
Method 'SystemVoidCosmosCoreMemoryBlockRead8SystemBytearray', ID = '1287'
Method 'SystemUInt32CosmosHALBlockDeviceRegistersPortRegistersget_SACT', ID = '1288'
Method 'SystemByteCosmosCoreMemoryBlock08get_ItemSystemUInt32', ID = '1289'
Method 'SystemUInt16CosmosCoreMemoryBlock16get_ItemSystemUInt32', ID = '1290'
Method 'SystemVoidCosmosHALBlockDeviceRegistersHBAPRDTEntryctorSystemUInt32SystemUInt32', ID = '1292'
Method 'SystemBooleanSystemStringIsNullOrWhiteSpaceSystemString', ID = '1295'
Method 'SystemBooleanSystemCharIsLatin1SystemChar', ID = '1296'
Method 'SystemGlobalizationUnicodeCategorySystemGlobalizationCharUnicodeInfoGetUnicodeCategorySystemChar', ID = '1297'
Method 'SystemVoidCosmosSystemScanMapsUS_StandardInitKeys', ID = '1298'
Method 'SystemVoidSystemArrayEmptyArray1CosmosSystemKeyEventcctor', ID = '1302'
Method 'SystemVoidSystemCollectionsGenericList1CosmosHALKeyboardBaseEnsureCapacitySystemInt32', ID = '1303'
Method 'SystemVoidSystemCollectionsGenericList1EnumeratorCosmosHALKeyboardBaseDispose', ID = '1304'
Method 'CosmosHALKeyboardBaseSystemCollectionsGenericList1EnumeratorCosmosHALKeyboardBaseget_Current', ID = '1305'
Method 'SystemBooleanSystemCollectionsGenericList1EnumeratorCosmosHALKeyboardBaseMoveNext', ID = '1306'
Method 'CosmosSystemKeyMappingSystemCollectionsGenericList1CosmosSystemKeyMappingget_ItemSystemInt32', ID = '1307'
Method 'SystemInt32SystemCollectionsGenericList1CosmosSystemKeyMappingget_Count', ID = '1309'
Method 'SystemCollectionsGenericList1EnumeratorCosmosHALKeyboardBaseSystemCollectionsGenericList1CosmosHALKeyboardBaseGetEnumerator', ID = '1310'
Method 'SystemVoidCosmosHALPowerCPUReboot', ID = '1315'
Method 'SystemBooleanCosmosSystemKeyboardManagerget_ShiftPressed', ID = '1317'
Method 'CosmosSystemKeyEventCosmosSystemScanMapBaseConvertScanCodeSystemByteSystemBooleanSystemBooleanSystemBooleanSystemBooleanSystemBooleanSystemBoolean', ID = '1318'
Method 'SystemVoidSystemCollectionsGenericQueue1CosmosSystemKeyEventEnqueueCosmosSystemKeyEvent', ID = '1319'
Method 'SystemVoidCosmosCoreMemoryBlockFillSystemUInt16', ID = '1320'
Method 'SystemVoidCosmosHALPCSpeakercctor', ID = '1321'
Method 'SystemVoidCosmosHALPCSpeakerEnableSound', ID = '1323'
Method 'SystemVoidCosmosHALPITSignalWait', ID = '1324'
Method 'SystemVoidCosmosCore_AsmDelegateImplCtorSystemObjectSystemIntPtr', ID = '785'
Method 'SystemVoidCosmosHALPITPITTimerctorCosmosHALPITPITTimerdOnTriggerSystemInt32SystemBoolean', ID = '1326'
Method 'SystemInt32CosmosHALPITRegisterTimerCosmosHALPITPITTimer', ID = '1327'
Method 'SystemStringSystemSRget_ArgumentOutOfRange_Year', ID = '1329'
Method 'SystemStringSystemSRget_Overflow_TimeSpanTooLong', ID = '1331'
Method 'SystemInt32SystemDateTimeget_Month', ID = '1332'
Method 'SystemInt32SystemDateTimeget_Day', ID = '1333'
Method 'SystemInt32SystemDateTimeget_Year', ID = '1334'
Method 'SystemStringSystemStringConcatSystemStringarray', ID = '1335'
Method 'SystemInt32SystemDateTimeget_Hour', ID = '1336'
Method 'SystemInt32SystemDateTimeget_Minute', ID = '1337'
Method 'SystemInt32SystemDateTimeget_Second', ID = '1338'
Method 'SystemVoidSystemTextASCIIEncodingctor', ID = '1340'
Method 'SystemInt32SystemTextUTF8EncodingGetByteCountSystemString', ID = '1343'
Method 'SystemInt32SystemTextUTF8EncodingGetBytesSystemStringSystemInt32SystemInt32SystemBytearraySystemInt32', ID = '1344'
Method 'SystemInt32SystemTextUTF8EncodingGetByteCountSystemChararraySystemInt32SystemInt32', ID = '1345'
Method 'SystemInt32SystemTextUTF8EncodingGetBytesSystemChararraySystemInt32SystemInt32SystemBytearraySystemInt32', ID = '1346'
Method 'SystemVoidSystemTextUTF8EncodingctorSystemBooleanSystemBoolean', ID = '1347'
Method 'SystemTextEncoderFallbackSystemTextEncoderget_Fallback', ID = '1350'
Method 'SystemBooleanSystemTextEncoderget_InternalHasFallbackBuffer', ID = '1352'
Method 'SystemTextEncoderFallbackBufferSystemTextEncoderget_FallbackBuffer', ID = '1353'
Method 'SystemStringSystemSRget_Argument_EncoderFallbackNotEmpty', ID = '1355'
Method 'SystemStringSystemTextEncodingget_EncodingName', ID = '1356'
Method 'SystemStringSystemSRFormatSystemStringSystemObjectSystemObject', ID = '1357'
Method 'SystemVoidSystemArgumentExceptionctorSystemString', ID = '1358'
Method 'SystemVoidSystemTextEncoderFallbackBufferInternalInitializeSystemCharpointerSystemCharpointerSystemTextEncoderNLSSystemBoolean', ID = '1359'
Method 'SystemTextEncoderFallbackSystemTextEncodingget_EncoderFallback', ID = '1360'
Method 'SystemBooleanSystemTextEncoderFallbackBufferInternalFallbackSystemCharSystemCharpointer', ID = '1362'
Method 'SystemCharSystemTextEncoderFallbackBufferInternalGetNextChar', ID = '1364'
Method 'SystemBooleanSystemTextUTF8EncodingInRangeSystemInt32SystemInt32SystemInt32', ID = '1367'
Method 'SystemBooleanSystemTextEncoderNLSget_MustFlush', ID = '1368'
Method 'SystemInt32SystemTextUTF8EncodingPtrDiffSystemCharpointerSystemCharpointer', ID = '1369'
Method 'SystemInt32SystemTextASCIIEncodingGetByteCountSystemCharpointerSystemInt32', ID = '1370'
Method 'SystemInt32SystemTextUTF8EncodingGetByteCountSystemCharpointerSystemInt32', ID = '1371'
Method 'SystemStringSystemTextEncoderReplacementFallbackget_DefaultString', ID = '1372'
Method 'SystemVoidSystemTextEncodingThrowBytesOverflowSystemTextEncoderNLSSystemBoolean', ID = '1373'
Method 'SystemInt32SystemTextUTF8EncodingPtrDiffSystemBytepointerSystemBytepointer', ID = '1375'
Method 'SystemInt32SystemTextASCIIEncodingGetBytesSystemCharpointerSystemInt32SystemBytepointerSystemInt32', ID = '1376'
Method 'SystemInt32SystemTextUTF8EncodingGetBytesSystemCharpointerSystemInt32SystemBytepointerSystemInt32', ID = '1377'
Method 'SystemVoidCosmosCoreMemoryOperationsFillSystemUInt16pointerSystemUInt16SystemInt32', ID = '1379'
Method 'SystemStringSystemGuidToStringSystemStringSystemIFormatProvider', ID = '1381'
Method 'SystemTextStringBuilderSystemTextStringBuilderCacheAcquireSystemInt32', ID = '1382'
Method 'SystemTextStringBuilderSystemTextStringBuilderAppendSystemString', ID = '1383'
Method 'SystemTextStringBuilderSystemTextStringBuilderAppendSystemCharpointerSystemInt32', ID = '1384'
Method 'SystemStringSystemTextStringBuilderCacheGetStringAndReleaseSystemTextStringBuilder', ID = '1385'
Method 'SystemStringSystemGlobalizationCultureInfoToString', ID = '1387'
Method 'SystemStringCosmosCore_PlugsSystemStringImplChangeCasingSystemStringSystemInt32SystemInt32SystemInt32', ID = '1389'
Method 'SystemArgumentNullExceptionSystemThrowHelperGetArgumentNullExceptionSystemExceptionArgument', ID = '1390'
Method 'SystemArgumentExceptionSystemThrowHelperGetArgumentExceptionSystemExceptionResourceSystemExceptionArgument', ID = '1391'
Method 'SystemVoidSystemCollectionsGenericList1CosmosHALBlockDeviceMBRPartInfoset_CapacitySystemInt32', ID = '1393'
Method 'SystemVoidSystemCollectionsGenericList1CosmosHALBlockDeviceEBRPartInfoset_CapacitySystemInt32', ID = '1394'
Method 'SystemVoidCosmosHALBlockDeviceRegistersFISRegisterH2Dset_LBA3SystemByte', ID = '1397'
Method 'SystemVoidCosmosHALBlockDeviceRegistersFISRegisterH2Dset_LBA4SystemByte', ID = '1398'
Method 'SystemVoidCosmosHALBlockDeviceRegistersFISRegisterH2Dset_LBA5SystemByte', ID = '1399'
Method 'SystemVoidCosmosHALBlockDeviceRegistersFISRegisterH2Dset_CountHSystemByte', ID = '1400'
Method 'SystemBooleanSystemCharIsWhiteSpaceSystemChar', ID = '1401'
Method 'SystemGlobalizationUnicodeCategorySystemGlobalizationCharUnicodeInfoInternalGetUnicodeCategorySystemInt32', ID = '1404'
Method 'SystemVoidSystemCollectionsGenericList1CosmosSystemKeyMappingctorSystemInt32', ID = '1405'
Method 'SystemVoidCosmosSystemKeyMappingctorSystemByteCosmosSystemConsoleKeyEx', ID = '1406'
Method 'SystemVoidSystemCollectionsGenericList1CosmosSystemKeyMappingAddCosmosSystemKeyMapping', ID = '1407'
Method 'SystemVoidCosmosSystemKeyMappingctorSystemByteSystemCharSystemCharSystemCharSystemCharSystemCharSystemCharCosmosSystemConsoleKeyEx', ID = '1408'
Method 'SystemVoidCosmosSystemKeyMappingctorSystemByteSystemCharCosmosSystemConsoleKeyEx', ID = '1409'
Method 'SystemVoidCosmosSystemKeyMappingctorSystemByteSystemCharSystemCharSystemCharSystemCharSystemCharSystemCharCosmosSystemConsoleKeyExCosmosSystemConsoleKeyEx', ID = '1410'
Method 'SystemVoidSystemCollectionsGenericList1CosmosHALKeyboardBaseset_CapacitySystemInt32', ID = '1411'
Method 'SystemBooleanSystemCollectionsGenericList1EnumeratorCosmosHALKeyboardBaseMoveNextRare', ID = '1412'
Method 'SystemVoidCosmosCoreCPUReboot', ID = '1415'
Method 'SystemVoidCosmosSystemKeyEventctor', ID = '1416'
Method 'SystemConsoleModifiersCosmosSystemKeyEventget_Modifiers', ID = '1417'
Method 'SystemVoidCosmosSystemKeyEventset_ModifiersSystemConsoleModifiers', ID = '1418'
Method 'SystemVoidCosmosSystemKeyEventset_TypeCosmosSystemKeyEventKeyEventType', ID = '1419'
Method 'SystemVoidCosmosSystemKeyEventset_KeyCharSystemChar', ID = '1420'
Method 'SystemVoidCosmosSystemKeyEventset_KeyCosmosSystemConsoleKeyEx', ID = '1421'
Method 'SystemVoidSystemCollectionsGenericQueue1CosmosSystemKeyEventSetCapacitySystemInt32', ID = '1422'
Method 'SystemVoidSystemCollectionsGenericList1CosmosHALPITPITTimerAddCosmosHALPITPITTimer', ID = '1423'
Method 'SystemVoidSystemTimeSpancctor', ID = '1424'
Method 'SystemInt32SystemDateTimeGetDatePartSystemInt32', ID = '1428'
Method 'SystemObjectSystemArrayClone', ID = '1430'
Method 'SystemInt64SystemDateTimeget_InternalTicks', ID = '1431'
Method 'SystemVoidSystemTextEncodingctorSystemInt32', ID = '1432'
Method 'SystemVoidCosmosCore_PlugsSystemBufferImpl__MemmoveSystemBytepointerSystemBytepointerSystemUInt32', ID = '1433'
Method 'SystemVoidSystemTextUTF8Encodingcctor', ID = '1434'
Method 'SystemVoidSystemTextEncodingSetDefaultFallbacks', ID = '1435'
Method 'SystemTextEncoderFallbackSystemTextEncoderFallbackget_ReplacementFallback', ID = '1437'
Method 'SystemInt32SystemTextEncoderReplacementFallbackget_MaxCharCount', ID = '1438'
Method 'SystemBooleanSystemCharIsHighSurrogateSystemChar', ID = '1440'
Method 'SystemBooleanSystemCharIsLowSurrogateSystemChar', ID = '1441'
Method 'SystemInt32SystemCharConvertToUtf32SystemCharSystemChar', ID = '1442'
Method 'SystemVoidSystemTextEncoderFallbackBufferThrowLastCharRecursiveSystemInt32', ID = '1443'
Method 'SystemTextEncoderFallbackBufferSystemTextEncoderReplacementFallbackCreateFallbackBuffer', ID = '1446'
Method 'SystemTextEncoderFallbackBufferCosmosCore_PlugsSystemTextEncoderFallbackImplCreateFallbackBuffer', ID = '1447'
Method 'SystemVoidSystemTextEncoderFallbackBufferInternalReset', ID = '1449'
Method 'SystemVoidSystemTextEncodingThrowBytesOverflow', ID = '1450'
Method 'SystemVoidSystemTextEncoderNLSClearMustFlush', ID = '1451'
Method 'SystemVoidCosmosCore_PlugsMemoryOperationsMemoryOperationsImplCopySystemBytepointerSystemBytepointerSystemInt32', ID = '1452'
Method 'SystemStringSystemSRget_Format_InvalidGuidFormatSpecification', ID = '1454'
Method 'SystemInt32SystemGuidHexsToCharsSystemCharpointerSystemInt32SystemInt32', ID = '1455'
Method 'SystemInt32SystemGuidHexsToCharsHexOutputSystemCharpointerSystemInt32SystemInt32', ID = '1456'
Method 'SystemInt32SystemTextStringBuilderget_Capacity', ID = '1460'
Method 'SystemTextStringBuilderSystemTextStringBuilderClear', ID = '1461'
Method 'SystemVoidSystemTextStringBuilderctorSystemInt32', ID = '1462'
Method 'SystemVoidSystemTextStringBuilderAppendHelperSystemString', ID = '1463'
Method 'SystemStringSystemSRget_ArgumentOutOfRange_NegativeCount', ID = '1464'
Method 'SystemInt32SystemTextStringBuilderget_Length', ID = '1465'
Method 'SystemStringSystemSRget_ArgumentOutOfRange_LengthGreaterThanCapacity', ID = '1466'
Method 'SystemVoidSystemTextStringBuilderThreadSafeCopySystemCharpointerSystemChararraySystemInt32SystemInt32', ID = '1467'
Method 'SystemVoidSystemTextStringBuilderExpandByABlockSystemInt32', ID = '1468'
Method 'SystemVoidSystemTextStringBuilderCacheReleaseSystemTextStringBuilder', ID = '1469'
Method 'SystemVoidCosmosCore_PlugsSystemGlobalizationCultureInfoImplCCtor', ID = '1470'
Method 'SystemVoidCosmosCore_PlugsMemoryOperationsMemoryOperationsImplFillSystemBytepointerSystemInt32SystemInt32', ID = '1471'
Method 'SystemBooleanSystemCharIsWhiteSpaceLatin1SystemChar', ID = '1472'
Method 'SystemBooleanSystemGlobalizationCharUnicodeInfoIsWhiteSpaceSystemChar', ID = '1473'
Method 'SystemByteSystemGlobalizationCharUnicodeInfoInternalGetCategoryValueSystemInt32SystemInt32', ID = '1475'
Method 'SystemVoidSystemCollectionsGenericList1CosmosSystemKeyMappingAddWithResizeCosmosSystemKeyMapping', ID = '1477'
Method 'SystemVoidCosmosSystemKeyMappingctorSystemByteSystemCharSystemCharSystemCharSystemCharSystemCharSystemCharSystemCharSystemCharSystemCharSystemCharCosmosSystemConsoleKeyEx', ID = '1478'
Method 'SystemVoidCosmosSystemKeyMappingctorSystemByteSystemCharSystemCharSystemCharSystemCharSystemCharSystemCharSystemCharCosmosSystemConsoleKeyExCosmosSystemConsoleKeyEx', ID = '1479'
Method 'SystemVoidSystemCollectionsGenericList1CosmosSystemKeyMappingcctor', ID = '1480'
Method 'SystemVoidSystemCollectionsGenericList1CosmosHALPITPITTimerAddWithResizeCosmosHALPITPITTimer', ID = '1488'
Method 'SystemVoidSystemTimeSpanctorSystemInt64', ID = '1489'
Method 'SystemStringCosmosSystem_PlugsSystemTimeSpanImplToString', ID = '1493'
Method 'SystemVoidSystemTextASCIIEncodingSetDefaultFallbacks', ID = '1502'
Method 'SystemVoidSystemTextUTF8EncodingSetDefaultFallbacks', ID = '1503'
Method 'SystemVoidSystemTextInternalEncoderBestFitFallbackctorSystemTextEncoding', ID = '1504'
Method 'SystemVoidSystemTextInternalDecoderBestFitFallbackctorSystemTextEncoding', ID = '1505'
Method 'SystemVoidSystemThreadingMonitorEnterSystemObjectSystemBoolean', ID = '1508'
Method 'SystemVoidSystemTextEncoderReplacementFallbackctor', ID = '1509'
Method 'SystemStringSystemSRget_ArgumentOutOfRange_InvalidHighSurrogate', ID = '1511'
Method 'SystemStringSystemSRget_ArgumentOutOfRange_InvalidLowSurrogate', ID = '1512'
Method 'SystemStringSystemSRget_Argument_RecursiveFallback', ID = '1513'
Method 'SystemVoidSystemTextEncoderReplacementFallbackBufferctorSystemTextEncoderReplacementFallback', ID = '1514'
Method 'SystemVoidSystemTextEncoderFallbackBufferReset', ID = '1516'
Method 'SystemStringSystemSRget_Argument_EncodingConversionOverflowBytes', ID = '1517'
Method 'SystemVoidCosmosCore_PlugsMemoryOperationsMemoryOperationsImplCopyTinySystemBytepointerSystemBytepointerSystemInt32', ID = '1519'
Method 'SystemInt32SystemMathDivRemSystemInt32SystemInt32SystemInt32', ID = '1520'
Method 'SystemVoidCosmosCore_PlugsMemoryOperationsMemoryOperationsImplCopy128BlocksSystemBytepointerSystemBytepointerSystemInt32', ID = '1521'
Method 'SystemCharSystemGuidHexToCharSystemInt32', ID = '1522'
Method 'SystemStringSystemTextStringBuilderToString', ID = '1523'
Method 'SystemVoidSystemTextStringBuilderset_LengthSystemInt32', ID = '1524'
Method 'SystemVoidSystemTextStringBuilderctorSystemInt32SystemInt32', ID = '1525'
Method 'SystemStringSystemSRget_ArgumentOutOfRange_SmallCapacity', ID = '1526'
Method 'SystemInt32SystemMathMinSystemInt32SystemInt32', ID = '1527'
Method 'SystemInt32SystemMathMaxSystemInt32SystemInt32', ID = '1528'
Method 'SystemVoidSystemTextStringBuilderctorSystemTextStringBuilder', ID = '1529'
Method 'SystemVoidCosmosCore_PlugsMemoryOperationsMemoryOperationsImplFill16BlocksSystemBytepointerSystemInt32SystemInt32', ID = '1530'
Method 'SystemVoidCosmosCore_PlugsSystemCharUnicodeInfoImplCctor', ID = '1531'
Method 'SystemVoidSystemCollectionsGenericList1CosmosSystemKeyMappingEnsureCapacitySystemInt32', ID = '1534'
Method 'SystemVoidCosmosSystemKeyMappingctorSystemByteSystemCharSystemCharSystemCharSystemCharSystemCharSystemCharSystemCharSystemCharSystemCharSystemCharCosmosSystemConsoleKeyExCosmosSystemConsoleKeyEx', ID = '1535'
Method 'SystemVoidSystemCollectionsGenericList1CosmosHALPITPITTimerEnsureCapacitySystemInt32', ID = '1536'
Method 'SystemInt64SystemTimeSpanget_Ticks', ID = '1539'
Method 'SystemInt32SystemTimeSpanget_Days', ID = '1540'
Method 'SystemInt32SystemTimeSpanget_Hours', ID = '1541'
Method 'SystemInt32SystemTimeSpanget_Minutes', ID = '1542'
Method 'SystemInt32SystemTimeSpanget_Seconds', ID = '1543'
Method 'SystemDoubleSystemTimeSpanget_TotalSeconds', ID = '1544'
Method 'SystemUInt64CosmosCore_PlugsSystemObjectImplMemberwiseClone', ID = '1545'
Method 'SystemTextDecoderFallbackSystemTextDecoderFallbackget_ReplacementFallback', ID = '1546'
Method 'SystemTextEncoderFallbackSystemTextEncoderFallbackget_ExceptionFallback', ID = '1547'
Method 'SystemTextDecoderFallbackSystemTextDecoderFallbackget_ExceptionFallback', ID = '1548'
Method 'SystemVoidSystemTextEncoderReplacementFallbackctorSystemString', ID = '1549'
Method 'SystemVoidSystemTextDecoderReplacementFallbackctorSystemString', ID = '1550'
Method 'SystemVoidSystemTextEncoderFallbackctor', ID = '1552'
Method 'SystemVoidSystemTextDecoderFallbackctor', ID = '1554'
Method 'SystemObjectCosmosCore_PlugsSystemTextEncoderFallbackImplget_InternalSyncObject', ID = '1556'
Method 'SystemVoidSystemThreadingMonitorThrowLockTakenException', ID = '1559'
Method 'SystemVoidCosmosCore_PlugsSystemThreadingMonitorImplExitSystemObject', ID = '1561'
Method 'SystemVoidSystemTextEncoderFallbackBufferctor', ID = '1563'
Method 'SystemVoidSystemTextEncoderReplacementFallbackBufferReset', ID = '1564'
Method 'SystemVoidCosmosCore_PlugsMemoryOperationsMemoryOperationsImplCopy64BytesSystemBytepointerSystemBytepointer', ID = '1565'
Method 'SystemVoidCosmosCore_PlugsMemoryOperationsMemoryOperationsImplCopy16BytesSystemBytepointerSystemBytepointer', ID = '1566'
Method 'SystemVoidCosmosCore_PlugsMemoryOperationsMemoryOperationsImplCopy32BytesSystemBytepointerSystemBytepointer', ID = '1567'
Method 'SystemVoidCosmosCore_PlugsMemoryOperationsMemoryOperationsImplCopy128BytesSystemBytepointerSystemBytepointer', ID = '1568'
Method 'SystemInt32SystemTextStringBuilderget_MaxCapacity', ID = '1570'
Method 'SystemTextStringBuilderSystemTextStringBuilderAppendSystemCharSystemInt32', ID = '1571'
Method 'SystemTextStringBuilderSystemTextStringBuilderFindChunkForIndexSystemInt32', ID = '1572'
Method 'SystemStringSystemSRget_ArgumentOutOfRange_Capacity', ID = '1573'
Method 'SystemStringSystemSRget_ArgumentOutOfRange_SmallMaxCapacity', ID = '1574'
Method 'SystemStringSystemSRget_ArgumentOutOfRange_MustBePositive', ID = '1575'
Method 'SystemVoidSystemCollectionsGenericList1CosmosSystemKeyMappingset_CapacitySystemInt32', ID = '1577'
Method 'SystemVoidSystemCollectionsGenericList1CosmosHALPITPITTimerset_CapacitySystemInt32', ID = '1578'
Method 'SystemVoidSystemTextDecoderReplacementFallbackctor', ID = '1581'
Method 'SystemVoidSystemTextEncoderExceptionFallbackctor', ID = '1583'
Method 'SystemVoidSystemTextDecoderExceptionFallbackctor', ID = '1585'
Method 'SystemBooleanSystemCharIsSurrogateSystemStringSystemInt32', ID = '1586'
Method 'SystemBooleanSystemCharIsHighSurrogateSystemStringSystemInt32', ID = '1587'
Method 'SystemStringSystemSRget_Argument_InvalidCharSequenceNoIndex', ID = '1588'
Method 'SystemInt32SystemTextInternalEncoderBestFitFallbackget_MaxCharCount', ID = '1590'
Method 'SystemStringSystemSRget_Argument_MustBeFalse', ID = '1592'
Method 'SystemVoidCosmosCore_PlugsSystemThreadingMonitorImplReliableEnterSystemObjectSystemBoolean', ID = '1593'
Method 'SystemInt32SystemTextEncoderReplacementFallbackBufferget_Remaining', ID = '1595'
Method 'SystemBooleanSystemTextEncoderReplacementFallbackBufferMovePrevious', ID = '1596'
Method 'SystemBooleanSystemTextEncoderReplacementFallbackBufferFallbackSystemCharSystemCharSystemInt32', ID = '1597'
Method 'SystemBooleanSystemTextEncoderReplacementFallbackBufferFallbackSystemCharSystemInt32', ID = '1598'
Method 'SystemCharSystemTextEncoderReplacementFallbackBufferGetNextChar', ID = '1599'
Method 'SystemVoidSystemMathcctor', ID = '1600'
Method 'SystemObjectCosmosCore_PlugsSystemTextDecoderFallbackImplget_InternalSyncObject', ID = '1601'
Method 'SystemBooleanSystemCharIsSurrogateSystemChar', ID = '1604'
Method 'SystemTextEncoderFallbackBufferCosmosCore_PlugsSystemTextInternalEncoderBestFitFallbackImplCreateFallbackBuffer', ID = '1605'
Method 'SystemStringSystemSRget_ArgumentOutOfRange_Range', ID = '1606'
Method 'SystemInt32SystemTextEncoderExceptionFallbackget_MaxCharCount', ID = '1611'
Method 'SystemTextEncoderFallbackBufferSystemTextEncoderExceptionFallbackCreateFallbackBuffer', ID = '1612'
Method 'SystemVoidSystemTextEncoderExceptionFallbackBufferctor', ID = '1614'
Method 'SystemInt32SystemTextEncoderExceptionFallbackBufferget_Remaining', ID = '1616'
Method 'SystemBooleanSystemTextEncoderExceptionFallbackBufferMovePrevious', ID = '1617'
Method 'SystemBooleanSystemTextEncoderExceptionFallbackBufferFallbackSystemCharSystemCharSystemInt32', ID = '1618'
Method 'SystemBooleanSystemTextEncoderExceptionFallbackBufferFallbackSystemCharSystemInt32', ID = '1619'
Method 'SystemCharSystemTextEncoderExceptionFallbackBufferGetNextChar', ID = '1620'
Method 'SystemStringSystemSRget_Argument_InvalidCodePageConversionIndex', ID = '1621'
Method 'SystemVoidSystemTextEncoderFallbackExceptionctorSystemStringSystemCharSystemCharSystemInt32', ID = '1622'
Method 'SystemVoidSystemTextEncoderFallbackExceptionctorSystemStringSystemCharSystemInt32', ID = '1623'
